state	min	max	median	shifts	jumps	jumpvar	SE	root	lnL	lnLp	qlnL.p	qlnL.h
100	13.744	1380.156	556.751	5	0	0.000	0.065	31.690	-96.35	-288.65	0.00	-7.08
200	17.688	1840.655	419.360	8	0	0.000	0.438	21.502	-82.21	-293.27	1.23	0.00
300	52.255	1269.252	373.236	4	0	0.000	0.033	22.136	-84.62	-291.40	-0.05	0.19
400	17.604	3527.831	376.791	10	0	0.000	0.776	19.809	-77.96	-301.83	-0.00	0.00
500	11.920	2846.569	340.763	8	0	0.000	0.358	19.168	-81.16	-293.65	0.08	-0.69
600	161.211	3177.345	503.951	7	0	0.000	1.226	18.082	-79.38	-297.86	0.00	-3.49
700	272.693	1816.392	366.034	4	0	0.000	1.424	18.295	-86.61	-285.56	4.24	0.00
800	243.228	1690.982	454.659	6	0	0.000	0.037	28.478	-81.63	-294.96	-0.00	0.00
900	199.368	1390.140	314.749	5	0	0.000	0.192	49.660	-84.30	-290.06	0.33	-0.06
1000	0.561	1488.664	413.164	7	0	0.000	0.196	49.839	-77.19	-293.08	0.00	-0.29
1100	0.361	1880.670	367.000	6	0	0.000	0.170	49.546	-74.39	-289.38	0.00	0.00
1200	43.232	2921.092	278.858	5	0	0.000	0.402	49.840	-78.81	-291.98	-0.00	0.00
1300	30.472	2946.615	507.757	4	0	0.000	1.012	49.546	-78.28	-287.63	-5.40	0.00
1400	3.065	1923.171	313.194	5	0	0.000	0.080	49.765	-81.00	-283.31	-0.00	0.00
1500	68.260	4338.185	98.472	4	0	0.000	0.361	43.494	-73.78	-286.78	-2.20	-0.69
1600	24.832	3044.486	205.578	4	0	0.000	0.728	43.306	-84.93	-278.58	-6.04	0.69
1700	39.643	4455.223	100.560	5	0	0.000	0.128	43.530	-71.33	-284.96	0.00	-1.85
1800	16.215	1933.344	172.214	4	0	0.000	0.156	43.530	-77.86	-283.29	0.00	0.00
1900	13.648	2156.108	310.471	2	0	0.000	0.097	28.255	-80.49	-279.20	-0.00	0.00
2000	8.387	2533.131	448.444	8	0	0.000	0.042	28.255	-72.22	-295.29	-0.00	0.00
2100	1.457	1208.522	243.594	8	0	0.000	0.042	21.893	-78.09	-291.16	-0.98	0.17
2200	0.537	2368.975	410.345	6	0	0.000	0.016	30.993	-66.62	-285.92	-3.30	0.00
2300	1.422	1918.862	197.950	5	0	0.000	0.149	31.469	-75.55	-283.55	0.00	10.61
2400	1.538	1894.225	226.115	5	0	0.000	0.066	21.153	-83.27	-280.61	-0.70	-0.69
2500	2.211	1931.100	321.125	8	0	0.000	0.038	21.328	-75.04	-289.77	0.00	0.00
2600	1.712	1954.778	317.549	8	0	0.000	0.029	14.416	-71.66	-288.97	-2.36	-0.69
2700	2.243	2276.472	178.551	9	0	0.000	0.032	26.126	-70.37	-288.84	0.00	-5.95
2800	6.443	3820.085	227.220	6	0	0.000	0.051	25.876	-70.98	-287.85	0.00	0.00
2900	11.559	3450.476	87.598	5	0	0.000	0.404	45.604	-71.97	-283.90	-0.00	0.00
3000	0.309	1899.724	355.714	5	0	0.000	0.041	32.872	-70.58	-282.34	0.00	-5.01
3100	0.065	2457.938	23.723	5	0	0.000	0.091	33.573	-59.99	-289.58	0.00	-5.80
3200	0.018	1270.757	9.759	4	0	0.000	0.071	39.269	-70.02	-281.78	-0.00	0.19
3300	0.079	2390.476	13.419	7	0	0.000	0.122	39.212	-62.12	-289.70	0.00	-8.83
3400	0.392	2213.507	10.208	6	0	0.000	0.017	31.741	-57.76	-291.06	-0.00	0.00
3500	0.918	2657.873	295.352	7	0	0.000	0.075	39.977	-75.40	-289.16	-3.00	0.40
3600	14.969	1250.347	524.730	6	0	0.000	0.006	25.097	-81.97	-288.64	-3.30	0.49
3700	15.353	2258.851	429.228	4	0	0.000	0.218	25.556	-79.50	-285.74	4.91	0.00
3800	17.241	2570.863	208.408	5	0	0.000	0.127	25.811	-75.73	-286.67	-28.35	-0.69
3900	0.307	2222.630	64.445	7	0	0.000	0.049	25.434	-60.95	-292.01	-0.00	0.42
4000	0.061	2553.457	96.199	5	0	0.000	0.033	25.706	-57.70	-292.89	0.00	-9.45
4100	0.019	2615.718	25.882	5	0	0.000	0.051	20.662	-55.27	-283.20	0.00	-4.36
4200	0.045	4279.633	84.268	4	0	0.000	0.054	28.173	-54.38	-289.20	-1.33	0.69
4300	0.091	2628.247	148.452	5	0	0.000	0.036	36.139	-61.85	-283.00	0.00	0.00
4400	0.060	3899.442	343.550	6	0	0.000	0.026	26.757	-52.43	-291.82	0.00	10.52
4500	0.013	3453.145	310.188	5	0	0.000	0.023	27.078	-52.03	-289.70	-0.26	0.69
4600	0.011	2317.931	244.715	6	0	0.000	0.022	25.433	-56.98	-290.04	0.00	0.00
4700	0.015	2616.284	167.716	5	0	0.000	0.038	34.668	-58.53	-284.70	-0.00	0.20
4800	0.047	5996.574	349.791	5	0	0.000	0.033	34.449	-52.90	-298.64	-47.97	0.69
4900	0.009	941.322	941.322	2	0	0.000	0.033	34.929	-69.02	-289.74	0.01	0.00
5000	0.009	850.863	850.863	3	0	0.000	0.014	27.695	-69.38	-288.73	-0.00	0.00
5100	0.009	2692.689	339.438	6	0	0.000	0.014	27.345	-57.68	-288.41	-0.00	0.00
5200	0.018	3242.374	359.099	5	0	0.000	0.011	37.816	-57.25	-288.29	-0.00	0.00
5300	0.023	2935.281	207.234	5	0	0.000	0.011	43.542	-53.11	-290.96	0.00	0.00
5400	0.018	2870.092	67.445	5	0	0.000	0.018	24.078	-51.51	-290.87	-0.00	0.00
5500	0.061	2017.635	51.390	6	0	0.000	0.034	19.459	-59.86	-287.87	0.00	-3.88
5600	0.011	2098.623	44.399	5	0	0.000	0.047	20.465	-59.66	-285.73	0.00	0.00
5700	0.010	2460.473	63.636	4	0	0.000	0.036	11.949	-54.34	-282.55	-4.79	0.69
5800	0.016	2564.830	66.511	3	0	0.000	0.030	10.421	-52.85	-282.59	0.00	-1.11
5900	0.004	4217.861	35.222	5	0	0.000	0.030	7.721	-46.35	-289.59	-0.00	0.00
6000	0.005	3340.209	27.411	4	0	0.000	0.030	7.985	-50.60	-282.76	1.10	-0.69
6100	0.005	3792.664	19.004	5	0	0.000	0.039	6.941	-46.96	-289.75	0.00	-4.67
6200	0.006	2628.979	17.303	5	0	0.000	0.039	5.473	-53.36	-283.24	0.00	0.00
6300	0.002	2734.530	11.155	5	0	0.000	0.031	7.445	-48.29	-284.46	-0.00	0.00
6400	0.002	2319.861	6.136	5	0	0.000	0.029	6.549	-51.71	-282.57	0.00	-5.75
6500	0.004	1167.352	0.038	4	0	0.000	0.029	6.255	-53.79	-282.97	-0.00	0.00
6600	0.003	3666.097	0.050	5	0	0.000	0.021	5.980	-35.24	-285.89	3.43	0.00
6700	0.003	2062.011	0.450	4	0	0.000	0.011	5.755	-45.28	-280.54	-0.00	0.00
6800	0.004	3713.334	0.723	6	0	0.000	0.016	5.966	-37.83	-289.57	0.00	0.00
6900	0.002	2038.509	0.664	6	0	0.000	0.016	5.799	-45.11	-285.25	-0.00	0.00
7000	0.002	2387.860	0.385	5	0	0.000	0.013	5.070	-39.67	-289.76	0.00	0.00
7100	0.001	2119.664	0.288	5	0	0.000	0.012	3.487	-41.30	-283.97	5.69	0.00
7200	0.003	3380.017	0.005	6	0	0.000	0.014	3.132	-34.28	-290.57	0.00	-1.10
7300	0.003	3074.343	0.004	4	0	0.000	0.013	8.415	-34.37	-284.17	-0.00	0.00
7400	0.002	3300.413	0.003	4	0	0.000	0.013	12.098	-32.32	-286.84	-0.00	0.00
7500	0.001	2174.302	0.001	5	0	0.000	0.006	11.136	-30.15	-285.48	4.59	-0.69
7600	0.001	1971.919	0.002	4	0	0.000	0.005	11.136	-35.74	-278.88	2.48	-0.38
7700	0.001	4179.977	0.004	5	0	0.000	0.007	11.068	-26.77	-288.22	-0.00	0.00
7800	0.001	3361.723	0.004	4	0	0.000	0.005	10.701	-30.92	-282.89	0.00	0.00
7900	0.001	2942.088	0.001	4	0	0.000	0.003	14.136	-27.47	-281.65	0.00	-1.60
8000	0.000	4567.328	0.001	5	0	0.000	0.002	14.262	-19.55	-288.95	0.00	-0.41
8100	0.000	5483.855	0.001	3	0	0.000	0.004	6.239	-23.88	-284.83	-0.00	0.48
8200	0.000	4835.364	0.001	4	0	0.000	0.004	8.406	-23.75	-285.11	0.00	10.29
8300	0.000	2345.698	0.000	4	0	0.000	0.004	8.242	-30.98	-279.22	2.35	0.69
8400	0.000	3379.650	0.000	3	0	0.000	0.002	9.327	-22.79	-281.44	0.00	-14.24
8500	0.000	4405.229	0.000	5	0	0.000	0.002	9.644	-14.72	-292.90	0.00	-15.52
8600	0.000	2897.829	0.001	4	0	0.000	0.002	3.392	-22.37	-283.81	0.00	11.98
8700	0.000	2974.990	0.001	4	0	0.000	0.001	3.163	-21.99	-282.62	0.00	0.00
8800	0.000	2901.257	0.001	3	0	0.000	0.001	2.808	-25.82	-278.64	0.00	0.00
8900	0.000	4044.169	0.001	4	0	0.000	0.000	1.519	-16.76	-284.87	-48.53	-0.69
9000	0.000	3647.218	0.001	4	0	0.000	0.000	2.379	-16.63	-282.73	-2.22	-0.69
9100	0.000	3017.315	0.001	4	0	0.000	0.001	2.669	-20.95	-281.94	0.00	0.00
9200	0.000	3802.594	0.001	4	0	0.000	0.001	1.805	-14.96	-281.43	0.76	-0.32
9300	0.000	5865.736	0.002	4	0	0.000	0.001	1.829	-5.83	-288.08	-0.01	0.00
9400	0.000	2868.806	0.001	5	0	0.000	0.001	0.922	-8.40	-283.24	-0.02	0.01
9500	0.000	4203.878	0.002	5	0	0.000	0.001	1.766	-5.67	-288.55	0.00	-4.09
9600	0.000	4449.567	0.002	5	0	0.000	0.001	0.915	-4.81	-289.55	-0.00	0.00
9700	0.000	3112.231	0.002	6	0	0.000	0.001	1.734	-6.50	-286.47	-0.00	0.00
9800	0.000	2937.493	0.002	5	0	0.000	0.001	1.765	-8.30	-283.53	-0.00	0.00
9900	0.000	2693.369	0.002	6	0	0.000	0.001	1.624	-6.03	-286.60	-32.32	-0.69
10000	0.000	2932.946	0.001	4	0	0.000	0.001	2.175	-7.93	-281.42	5.44	0.00
