Iteration	Replicate_ID	Posterior	Likelihood	Prior	mu_morpho	pi[1]	pi[2]	r[1]	r[2]	r[3]	r[4]	r[5]	r[6]	r[7]	r[8]	rate_01	rate_10
0	0	-50.2595	-57.073	6.81346	0.09407371	0.25	0.75	0.0625	0.0625	0.1875	0.1875	0.1875	0.1875	0.0625	0.0625	0.5800353	0.9308614
1	1	-69.8155	-75.0911	5.27565	0.01079551	0.25	0.75	0.0625	0.0625	0.1875	0.1875	0.1875	0.1875	0.0625	0.0625	2.613559	0.8265813
2	0	-45.3209	-50.7042	5.38331	0.2639776	0.25	0.75	0.0625	0.0625	0.1875	0.1875	0.1875	0.1875	0.0625	0.0625	0.09972081	2.91099
3	1	-55.4924	-60.3785	4.88611	0.06110642	0.25	0.75	0.0625	0.0625	0.1875	0.1875	0.1875	0.1875	0.0625	0.0625	1.812481	2.031374
4	0	-42.9201	-48.9443	6.02417	0.6902648	0.25	0.75	0.0625	0.0625	0.1875	0.1875	0.1875	0.1875	0.0625	0.0625	0.68906	1.051646
5	1	-54.1574	-55.9963	1.83897	0.1091763	0.25	0.75	0.0625	0.0625	0.1875	0.1875	0.1875	0.1875	0.0625	0.0625	2.256805	5.156213
6	0	-42.9457	-49.0164	6.07071	0.7176574	0.25	0.75	0.0625	0.0625	0.1875	0.1875	0.1875	0.1875	0.0625	0.0625	0.8060015	0.8467253
7	1	-44.9602	-48.952	3.9918	0.6934191	0.25	0.75	0.0625	0.0625	0.1875	0.1875	0.1875	0.1875	0.0625	0.0625	1.489381	2.666275
8	0	-42.852	-49.2067	6.35465	0.7765996	0.25	0.75	0.0625	0.0625	0.1875	0.1875	0.1875	0.1875	0.0625	0.0625	0.6394969	0.6051581
9	1	-47.5775	-50.2805	2.70296	0.2911052	0.25	0.75	0.0625	0.0625	0.1875	0.1875	0.1875	0.1875	0.0625	0.0625	3.740512	2.427769
10	0	-41.9162	-49.4461	7.52993	0.36871	0.25	0.75	0.0625	0.0625	0.1875	0.1875	0.1875	0.1875	0.0625	0.0625	0.2956971	0.03570338
11	1	-46.3247	-50.3764	4.05173	1.023702	0.25	0.75	0.0625	0.0625	0.1875	0.1875	0.1875	0.1875	0.0625	0.0625	2.849589	0.8416841
12	0	-41.7982	-48.7845	6.98631	0.5605835	0.25	0.75	0.0625	0.0625	0.1875	0.1875	0.1875	0.1875	0.0625	0.0625	0.6888494	0.06115707
13	1	-44.007	-48.8114	4.80441	0.5215859	0.25	0.75	0.0625	0.0625	0.1875	0.1875	0.1875	0.1875	0.0625	0.0625	0.5686254	2.824454
14	0	-41.7842	-48.8268	7.04256	0.5106695	0.25	0.75	0.0625	0.0625	0.1875	0.1875	0.1875	0.1875	0.0625	0.0625	0.6271508	0.1153178
15	1	-42.4651	-48.8348	6.36976	0.6343184	0.25	0.75	0.0625	0.0625	0.1875	0.1875	0.1875	0.1875	0.0625	0.0625	0.4984894	0.8975113
16	0	-45.1875	-51.608	6.42047	0.2196142	0.25	0.75	0.0625	0.0625	0.1875	0.1875	0.1875	0.1875	0.0625	0.0625	1.584485	0.2447101
17	1	-43.9986	-49.3846	5.38594	0.8227563	0.25	0.75	0.0625	0.0625	0.1875	0.1875	0.1875	0.1875	0.0625	0.0625	1.538311	0.8042747
18	0	-41.8263	-49.2042	7.3779	0.4040521	0.25	0.75	0.0625	0.0625	0.1875	0.1875	0.1875	0.1875	0.0625	0.0625	0.3251195	0.1451454
19	1	-45.022	-50.2764	5.25439	0.2913935	0.25	0.75	0.0625	0.0625	0.1875	0.1875	0.1875	0.1875	0.0625	0.0625	1.720111	1.4114
20	0	-45.0752	-48.8376	3.76239	0.5042026	0.25	0.75	0.0625	0.0625	0.1875	0.1875	0.1875	0.1875	0.0625	0.0625	0.427717	4.226139
21	1	-45.3743	-48.8365	3.46225	0.6354711	0.25	0.75	0.0625	0.0625	0.1875	0.1875	0.1875	0.1875	0.0625	0.0625	0.6443062	4.210519
22	0	-43.6331	-49.091	5.45785	0.4252579	0.25	0.75	0.0625	0.0625	0.1875	0.1875	0.1875	0.1875	0.0625	0.0625	0.8994165	1.830647
23	1	-44.8399	-49.6268	4.78687	0.8782358	0.25	0.75	0.0625	0.0625	0.1875	0.1875	0.1875	0.1875	0.0625	0.0625	1.126453	1.863049
24	0	-46.0082	-49.0513	3.04313	0.7296073	0.25	0.75	0.0625	0.0625	0.1875	0.1875	0.1875	0.1875	0.0625	0.0625	4.550205	0.6913838
25	1	-43.7747	-48.7858	5.01104	0.5553617	0.25	0.75	0.0625	0.0625	0.1875	0.1875	0.1875	0.1875	0.0625	0.0625	1.44823	1.658742
26	0	-45.1672	-48.8676	3.70048	0.48935	0.25	0.75	0.0625	0.0625	0.1875	0.1875	0.1875	0.1875	0.0625	0.0625	4.554632	0.1905837
27	1	-44.7705	-48.9619	4.19141	0.4564247	0.25	0.75	0.0625	0.0625	0.1875	0.1875	0.1875	0.1875	0.0625	0.0625	2.902905	1.297243
28	0	-42.671	-48.9263	6.25537	0.4672907	0.25	0.75	0.0625	0.0625	0.1875	0.1875	0.1875	0.1875	0.0625	0.0625	1.372103	0.3588136
29	1	-45.8474	-48.7857	2.93838	0.5794082	0.25	0.75	0.0625	0.0625	0.1875	0.1875	0.1875	0.1875	0.0625	0.0625	1.785758	3.759251
30	0	-43.8203	-50.4604	6.64006	0.2789291	0.25	0.75	0.0625	0.0625	0.1875	0.1875	0.1875	0.1875	0.0625	0.0625	1.044405	0.4528667
31	1	-44.7162	-50.2286	5.51245	0.9970427	0.25	0.75	0.0625	0.0625	0.1875	0.1875	0.1875	0.1875	0.0625	0.0625	1.131636	0.8529727
32	0	-43.3355	-49.3603	6.02478	0.8167852	0.25	0.75	0.0625	0.0625	0.1875	0.1875	0.1875	0.1875	0.0625	0.0625	0.9391124	0.6502966
33	1	-42.7017	-48.8896	6.18796	0.4802904	0.25	0.75	0.0625	0.0625	0.1875	0.1875	0.1875	0.1875	0.0625	0.0625	0.7820182	1.013656
34	0	-44.4439	-50.8031	6.35917	1.09719	0.25	0.75	0.0625	0.0625	0.1875	0.1875	0.1875	0.1875	0.0625	0.0625	0.1941572	0.6635915
35	1	-44.0493	-50.0277	5.97835	0.3102758	0.25	0.75	0.0625	0.0625	0.1875	0.1875	0.1875	0.1875	0.0625	0.0625	0.4720327	1.775426
36	0	-42.0907	-49.1472	7.05644	0.4142194	0.25	0.75	0.0625	0.0625	0.1875	0.1875	0.1875	0.1875	0.0625	0.0625	0.339203	0.5015257
37	1	-42.9005	-48.8427	5.94228	0.5013894	0.25	0.75	0.0625	0.0625	0.1875	0.1875	0.1875	0.1875	0.0625	0.0625	1.618885	0.4440596
38	0	-43.3084	-48.786	5.47756	0.5801974	0.25	0.75	0.0625	0.0625	0.1875	0.1875	0.1875	0.1875	0.0625	0.0625	1.225186	1.297025
39	1	-45.7388	-52.1179	6.37916	0.1999046	0.25	0.75	0.0625	0.0625	0.1875	0.1875	0.1875	0.1875	0.0625	0.0625	1.090227	0.8115858
40	0	-46.6182	-49.5405	2.92224	0.3572708	0.25	0.75	0.0625	0.0625	0.1875	0.1875	0.1875	0.1875	0.0625	0.0625	3.949853	1.878722
41	1	-42.3214	-48.809	6.48754	0.6137126	0.25	0.75	0.0625	0.0625	0.1875	0.1875	0.1875	0.1875	0.0625	0.0625	0.4254036	0.8549509
42	0	-42.3514	-48.8535	6.50205	0.4959005	0.25	0.75	0.0625	0.0625	0.1875	0.1875	0.1875	0.1875	0.0625	0.0625	0.7655636	0.637736
43	1	-42.8671	-49.2832	6.41611	0.3913174	0.25	0.75	0.0625	0.0625	0.1875	0.1875	0.1875	0.1875	0.0625	0.0625	0.6638461	0.966194
44	0	-41.601	-48.8201	7.21902	0.515132	0.25	0.75	0.0625	0.0625	0.1875	0.1875	0.1875	0.1875	0.0625	0.0625	0.2506707	0.2764809
45	1	-43.2297	-48.8409	5.61116	0.6383495	0.25	0.75	0.0625	0.0625	0.1875	0.1875	0.1875	0.1875	0.0625	0.0625	0.7935144	1.500497
46	0	-43.5565	-49.8531	6.29662	0.3252836	0.25	0.75	0.0625	0.0625	0.1875	0.1875	0.1875	0.1875	0.0625	0.0625	0.5234952	1.327333
47	1	-44.4867	-49.071	4.58423	0.4294858	0.25	0.75	0.0625	0.0625	0.1875	0.1875	0.1875	0.1875	0.0625	0.0625	1.335613	2.429098
48	0	-42.0596	-49.1323	7.07266	0.4170387	0.25	0.75	0.0625	0.0625	0.1875	0.1875	0.1875	0.1875	0.0625	0.0625	0.6539101	0.1641584
49	1	-43.9751	-49.1875	5.21238	0.4069363	0.25	0.75	0.0625	0.0625	0.1875	0.1875	0.1875	0.1875	0.0625	0.0625	1.318309	1.725686
50	0	-43.0462	-48.7859	5.73974	0.554875	0.25	0.75	0.0625	0.0625	0.1875	0.1875	0.1875	0.1875	0.0625	0.0625	2.203706	0.0366261
51	1	-42.6488	-48.8344	6.18565	0.5060177	0.25	0.75	0.0625	0.0625	0.1875	0.1875	0.1875	0.1875	0.0625	0.0625	1.187618	0.5801785
52	0	-44.1836	-50.7941	6.61054	1.095686	0.25	0.75	0.0625	0.0625	0.1875	0.1875	0.1875	0.1875	0.0625	0.0625	0.1556174	0.4047724
53	1	-42.6744	-49.0075	6.33314	0.4442231	0.25	0.75	0.0625	0.0625	0.1875	0.1875	0.1875	0.1875	0.0625	0.0625	1.579233	0.08658601
54	0	-43.4274	-49.3699	5.94252	0.819161	0.25	0.75	0.0625	0.0625	0.1875	0.1875	0.1875	0.1875	0.0625	0.0625	0.8861392	0.7983463
55	1	-42.1265	-48.7845	6.65799	0.5607108	0.25	0.75	0.0625	0.0625	0.1875	0.1875	0.1875	0.1875	0.0625	0.0625	0.8838668	0.2567206
56	0	-44.3715	-49.7725	5.40097	0.9089615	0.25	0.75	0.0625	0.0625	0.1875	0.1875	0.1875	0.1875	0.0625	0.0625	0.5250941	1.697003
57	1	-42.0385	-49.0226	6.98406	0.4405214	0.25	0.75	0.0625	0.0625	0.1875	0.1875	0.1875	0.1875	0.0625	0.0625	0.3242084	0.5713597
58	0	-43.2511	-50.6558	7.40473	0.2668181	0.25	0.75	0.0625	0.0625	0.1875	0.1875	0.1875	0.1875	0.0625	0.0625	0.06803367	0.5336239
59	1	-50.5324	-51.7333	1.20095	1.245607	0.25	0.75	0.0625	0.0625	0.1875	0.1875	0.1875	0.1875	0.0625	0.0625	2.192913	4.626956
60	0	-44.8319	-51.4213	6.58948	1.197171	0.25	0.75	0.0625	0.0625	0.1875	0.1875	0.1875	0.1875	0.0625	0.0625	0.4194281	0.04524916
61	1	-42.2336	-48.8567	6.62307	0.4943553	0.25	0.75	0.0625	0.0625	0.1875	0.1875	0.1875	0.1875	0.0625	0.0625	0.1069659	1.154148
62	0	-42.3178	-49.318	7.00023	0.8061784	0.25	0.75	0.0625	0.0625	0.1875	0.1875	0.1875	0.1875	0.0625	0.0625	0.384575	0.05658791
63	1	-42.0787	-48.8554	6.77668	0.4949929	0.25	0.75	0.0625	0.0625	0.1875	0.1875	0.1875	0.1875	0.0625	0.0625	0.5059015	0.5716397
64	0	-44.6866	-50.6315	5.94489	0.2682669	0.25	0.75	0.0625	0.0625	0.1875	0.1875	0.1875	0.1875	0.0625	0.0625	2.255651	0.08162029
65	1	-43.2658	-48.8001	5.53428	0.5320455	0.25	0.75	0.0625	0.0625	0.1875	0.1875	0.1875	0.1875	0.0625	0.0625	0.7590856	1.752928
66	0	-42.7287	-48.8051	6.07635	0.6098151	0.25	0.75	0.0625	0.0625	0.1875	0.1875	0.1875	0.1875	0.0625	0.0625	0.6406497	1.133707
67	1	-47.2162	-50.4687	3.25253	0.2783867	0.25	0.75	0.0625	0.0625	0.1875	0.1875	0.1875	0.1875	0.0625	0.0625	1.475038	4.054345
68	0	-44.3333	-48.9062	4.57286	0.6736234	0.25	0.75	0.0625	0.0625	0.1875	0.1875	0.1875	0.1875	0.0625	0.0625	0.3150478	3.172658
69	1	-41.9014	-49.3295	7.42809	0.3844557	0.25	0.75	0.0625	0.0625	0.1875	0.1875	0.1875	0.1875	0.0625	0.0625	0.07058264	0.3632776
70	0	-44.2892	-48.784	4.4948	0.5648887	0.25	0.75	0.0625	0.0625	0.1875	0.1875	0.1875	0.1875	0.0625	0.0625	1.665335	2.044663
71	1	-41.4992	-48.8088	7.30958	0.6134907	0.25	0.75	0.0625	0.0625	0.1875	0.1875	0.1875	0.1875	0.0625	0.0625	0.1850038	0.1173129
72	0	-42.7375	-48.8097	6.07219	0.5230485	0.25	0.75	0.0625	0.0625	0.1875	0.1875	0.1875	0.1875	0.0625	0.0625	0.3136444	1.568919
73	1	-44.907	-49.274	4.36694	0.7947847	0.25	0.75	0.0625	0.0625	0.1875	0.1875	0.1875	0.1875	0.0625	0.0625	1.988203	1.600364
74	0	-41.5422	-49.1341	7.59191	0.4166875	0.25	0.75	0.0625	0.0625	0.1875	0.1875	0.1875	0.1875	0.0625	0.0625	0.0067138	0.1938289
75	1	-43.4102	-49.2479	5.83765	0.3968403	0.25	0.75	0.0625	0.0625	0.1875	0.1875	0.1875	0.1875	0.0625	0.0625	0.3635463	1.948335
76	0	-46.7497	-51.1778	4.42806	1.158509	0.25	0.75	0.0625	0.0625	0.1875	0.1875	0.1875	0.1875	0.0625	0.0625	0.1525542	2.930415
77	1	-45.2187	-49.7435	4.52478	0.9029839	0.25	0.75	0.0625	0.0625	0.1875	0.1875	0.1875	0.1875	0.0625	0.0625	0.1037555	3.16821
78	0	-44.2906	-48.7841	4.49354	0.5636144	0.25	0.75	0.0625	0.0625	0.1875	0.1875	0.1875	0.1875	0.0625	0.0625	0.798595	2.914421
79	1	-43.7055	-50.4196	6.7141	1.031367	0.25	0.75	0.0625	0.0625	0.1875	0.1875	0.1875	0.1875	0.0625	0.0625	0.2032289	0.310463
80	0	-45.5343	-52.0867	6.55242	0.2010259	0.25	0.75	0.0625	0.0625	0.1875	0.1875	0.1875	0.1875	0.0625	0.0625	1.419521	0.2747628
81	1	-41.4438	-49.0892	7.64539	0.4256266	0.25	0.75	0.0625	0.0625	0.1875	0.1875	0.1875	0.1875	0.0625	0.0625	0.105655	0.02060101
82	0	-44.6778	-49.8271	5.1493	0.327672	0.25	0.75	0.0625	0.0625	0.1875	0.1875	0.1875	0.1875	0.0625	0.0625	3.095396	0.1179998
83	1	-43.8211	-48.8277	5.0066	0.6292854	0.25	0.75	0.0625	0.0625	0.1875	0.1875	0.1875	0.1875	0.0625	0.0625	1.786163	1.23812
84	0	-45.4792	-49.0233	3.54401	0.7200581	0.25	0.75	0.0625	0.0625	0.1875	0.1875	0.1875	0.1875	0.0625	0.0625	1.937495	2.719364
85	1	-44.2605	-49.9179	5.65734	0.938184	0.25	0.75	0.0625	0.0625	0.1875	0.1875	0.1875	0.1875	0.0625	0.0625	1.578688	0.3035302
86	0	-41.6937	-48.826	7.13232	0.5111622	0.25	0.75	0.0625	0.0625	0.1875	0.1875	0.1875	0.1875	0.0625	0.0625	0.5460781	0.08897972
87	1	-41.5941	-48.8408	7.24664	0.5024627	0.25	0.75	0.0625	0.0625	0.1875	0.1875	0.1875	0.1875	0.0625	0.0625	0.1691272	0.340235
88	0	-42.734	-48.9677	6.23367	0.4547876	0.25	0.75	0.0625	0.0625	0.1875	0.1875	0.1875	0.1875	0.0625	0.0625	0.9227952	0.8488311
89	1	-42.1116	-48.8703	6.75869	0.6557496	0.25	0.75	0.0625	0.0625	0.1875	0.1875	0.1875	0.1875	0.0625	0.0625	0.08783875	0.8197992
90	0	-41.629	-48.7969	7.16795	0.5356058	0.25	0.75	0.0625	0.0625	0.1875	0.1875	0.1875	0.1875	0.0625	0.0625	0.382641	0.1809283
91	1	-42.6226	-49.2263	6.60365	0.4003541	0.25	0.75	0.0625	0.0625	0.1875	0.1875	0.1875	0.1875	0.0625	0.0625	0.006143023	1.389949
92	0	-43.9421	-48.7847	4.84258	0.5749307	0.25	0.75	0.0625	0.0625	0.1875	0.1875	0.1875	0.1875	0.0625	0.0625	2.334348	0.9498146
93	1	-41.7048	-48.7853	7.08052	0.5569415	0.25	0.75	0.0625	0.0625	0.1875	0.1875	0.1875	0.1875	0.0625	0.0625	0.4530961	0.1891271
94	0	-45.7507	-51.245	5.49426	0.2357126	0.25	0.75	0.0625	0.0625	0.1875	0.1875	0.1875	0.1875	0.0625	0.0625	1.771056	1.14125
95	1	-43.3841	-48.7897	5.40563	0.5892748	0.25	0.75	0.0625	0.0625	0.1875	0.1875	0.1875	0.1875	0.0625	0.0625	1.255611	1.341406
96	0	-41.706	-48.7842	7.07817	0.571834	0.25	0.75	0.0625	0.0625	0.1875	0.1875	0.1875	0.1875	0.0625	0.0625	0.2811333	0.3461637
97	1	-44.8396	-49.58	4.74033	0.8679971	0.25	0.75	0.0625	0.0625	0.1875	0.1875	0.1875	0.1875	0.0625	0.0625	2.792281	0.2647981
98	0	-43.8432	-48.8467	5.00351	0.4993247	0.25	0.75	0.0625	0.0625	0.1875	0.1875	0.1875	0.1875	0.0625	0.0625	2.536871	0.6457488
99	1	-41.8154	-48.8173	7.00187	0.5171039	0.25	0.75	0.0625	0.0625	0.1875	0.1875	0.1875	0.1875	0.0625	0.0625	0.1467008	0.6365278
100	0	-47.1417	-48.9592	1.81752	0.6962839	0.25	0.75	0.0625	0.0625	0.1875	0.1875	0.1875	0.1875	0.0625	0.0625	6.457809	0.2820251
101	1	-44.0846	-48.784	4.69941	0.5659348	0.25	0.75	0.0625	0.0625	0.1875	0.1875	0.1875	0.1875	0.0625	0.0625	1.236671	2.228583
102	0	-44.0248	-48.8229	4.79806	0.5132202	0.25	0.75	0.0625	0.0625	0.1875	0.1875	0.1875	0.1875	0.0625	0.0625	2.060003	1.350589
103	1	-42.7042	-48.9086	6.2044	0.4732839	0.25	0.75	0.0625	0.0625	0.1875	0.1875	0.1875	0.1875	0.0625	0.0625	1.611317	0.1731228
104	0	-43.2991	-49.093	5.79394	0.7431066	0.25	0.75	0.0625	0.0625	0.1875	0.1875	0.1875	0.1875	0.0625	0.0625	1.183318	0.768498
105	1	-41.9058	-48.7859	6.88015	0.5800492	0.25	0.75	0.0625	0.0625	0.1875	0.1875	0.1875	0.1875	0.0625	0.0625	0.1115863	0.7415939
106	0	-45.0148	-48.7844	3.76961	0.5615736	0.25	0.75	0.0625	0.0625	0.1875	0.1875	0.1875	0.1875	0.0625	0.0625	2.207959	2.369029
107	1	-43.3176	-49.0281	5.71054	0.4391928	0.25	0.75	0.0625	0.0625	0.1875	0.1875	0.1875	0.1875	0.0625	0.0625	2.086439	0.3263155
108	0	-42.6275	-49.0082	6.38071	0.7147268	0.25	0.75	0.0625	0.0625	0.1875	0.1875	0.1875	0.1875	0.0625	0.0625	0.006874422	1.280411
109	1	-44.3897	-48.9698	4.58008	0.7004531	0.25	0.75	0.0625	0.0625	0.1875	0.1875	0.1875	0.1875	0.0625	0.0625	0.6383754	2.808802
110	0	-41.6279	-48.9381	7.31021	0.4635375	0.25	0.75	0.0625	0.0625	0.1875	0.1875	0.1875	0.1875	0.0625	0.0625	0.3644387	0.1155964
111	1	-45.3604	-48.7878	3.42735	0.5499338	0.25	0.75	0.0625	0.0625	0.1875	0.1875	0.1875	0.1875	0.0625	0.0625	0.6956797	4.302483
112	0	-42.0423	-49.5164	7.47406	0.360096	0.25	0.75	0.0625	0.0625	0.1875	0.1875	0.1875	0.1875	0.0625	0.0625	0.3049067	0.1032377
113	1	-43.8581	-48.8884	5.03029	0.6650986	0.25	0.75	0.0625	0.0625	0.1875	0.1875	0.1875	0.1875	0.0625	0.0625	2.19405	0.7594169
114	0	-44.0738	-50.2795	6.20565	0.2911735	0.25	0.75	0.0625	0.0625	0.1875	0.1875	0.1875	0.1875	0.0625	0.0625	0.04064229	1.959037
115	1	-43.2423	-49.2831	6.04078	0.7971678	0.25	0.75	0.0625	0.0625	0.1875	0.1875	0.1875	0.1875	0.0625	0.0625	0.4973627	1.096359
116	0	-42.0908	-48.8263	6.73548	0.6281894	0.25	0.75	0.0625	0.0625	0.1875	0.1875	0.1875	0.1875	0.0625	0.0625	0.01172176	0.9563369
117	1	-42.7146	-48.7923	6.07769	0.5418478	0.25	0.75	0.0625	0.0625	0.1875	0.1875	0.1875	0.1875	0.0625	0.0625	1.809965	0.04367693
118	0	-42.3807	-48.8363	6.45557	0.5049671	0.25	0.75	0.0625	0.0625	0.1875	0.1875	0.1875	0.1875	0.0625	0.0625	0.6051784	0.8426459
119	1	-42.5123	-49.0011	6.48884	0.7121742	0.25	0.75	0.0625	0.0625	0.1875	0.1875	0.1875	0.1875	0.0625	0.0625	1.016512	0.1451193
120	0	-45.2579	-49.8436	4.58571	0.9234268	0.25	0.75	0.0625	0.0625	0.1875	0.1875	0.1875	0.1875	0.0625	0.0625	0.6497681	2.525357
121	1	-42.22	-48.9381	6.71803	0.4635479	0.25	0.75	0.0625	0.0625	0.1875	0.1875	0.1875	0.1875	0.0625	0.0625	0.433497	0.7512651
122	0	-42.9478	-49.373	6.42526	0.8199316	0.25	0.75	0.0625	0.0625	0.1875	0.1875	0.1875	0.1875	0.0625	0.0625	1.084336	0.02471789
123	1	-42.6893	-48.7853	6.09603	0.556835	0.25	0.75	0.0625	0.0625	0.1875	0.1875	0.1875	0.1875	0.0625	0.0625	1.769923	0.04406232
124	0	-43.7721	-49.5781	5.80607	0.3529805	0.25	0.75	0.0625	0.0625	0.1875	0.1875	0.1875	0.1875	0.0625	0.0625	1.020912	1.380751
125	1	-42.6914	-49.6869	6.99551	0.3413236	0.25	0.75	0.0625	0.0625	0.1875	0.1875	0.1875	0.1875	0.0625	0.0625	0.4792216	0.5207798
126	0	-43.5357	-49.4979	5.96227	0.8495452	0.25	0.75	0.0625	0.0625	0.1875	0.1875	0.1875	0.1875	0.0625	0.0625	0.3378324	1.286979
127	1	-45.3689	-49.9619	4.59297	0.3157389	0.25	0.75	0.0625	0.0625	0.1875	0.1875	0.1875	0.1875	0.0625	0.0625	1.303433	2.586253
128	0	-46.3671	-49.2501	2.88303	0.7884586	0.25	0.75	0.0625	0.0625	0.1875	0.1875	0.1875	0.1875	0.0625	0.0625	2.228248	3.133835
129	1	-45.799	-51.4388	5.63974	0.2268754	0.25	0.75	0.0625	0.0625	0.1875	0.1875	0.1875	0.1875	0.0625	0.0625	2.258482	0.4912067
130	0	-41.8787	-49.1673	7.28856	0.4105261	0.25	0.75	0.0625	0.0625	0.1875	0.1875	0.1875	0.1875	0.0625	0.0625	0.04512085	0.5237633
131	1	-45.0543	-50.379	5.32472	0.284303	0.25	0.75	0.0625	0.0625	0.1875	0.1875	0.1875	0.1875	0.0625	0.0625	2.233281	0.8229688
132	0	-42.2203	-48.8214	6.60102	0.6244121	0.25	0.75	0.0625	0.0625	0.1875	0.1875	0.1875	0.1875	0.0625	0.0625	0.6901521	0.4424248
133	1	-43.334	-49.8545	6.52048	0.325162	0.25	0.75	0.0625	0.0625	0.1875	0.1875	0.1875	0.1875	0.0625	0.0625	1.093407	0.491157
134	0	-44.8578	-50.4199	5.56203	0.2815767	0.25	0.75	0.0625	0.0625	0.1875	0.1875	0.1875	0.1875	0.0625	0.0625	0.6086723	2.168404
135	1	-44.1597	-49.4938	5.33414	0.8486022	0.25	0.75	0.0625	0.0625	0.1875	0.1875	0.1875	0.1875	0.0625	0.0625	1.895173	0.4782905
136	0	-44.2232	-48.7952	4.572	0.598061	0.25	0.75	0.0625	0.0625	0.1875	0.1875	0.1875	0.1875	0.0625	0.0625	2.913434	0.6652184
137	1	-41.3516	-48.8735	7.52188	0.4868193	0.25	0.75	0.0625	0.0625	0.1875	0.1875	0.1875	0.1875	0.0625	0.0625	0.1150663	0.08535499
138	0	-43.9213	-48.9242	5.00287	0.6817401	0.25	0.75	0.0625	0.0625	0.1875	0.1875	0.1875	0.1875	0.0625	0.0625	2.646969	0.3193194
139	1	-47.1893	-51.3186	4.12929	1.180958	0.25	0.75	0.0625	0.0625	0.1875	0.1875	0.1875	0.1875	0.0625	0.0625	0.7682231	2.643594
140	0	-42.9993	-48.9651	5.9658	0.455529	0.25	0.75	0.0625	0.0625	0.1875	0.1875	0.1875	0.1875	0.0625	0.0625	0.789392	1.300135
141	1	-46.8199	-50.1982	3.37828	0.2970518	0.25	0.75	0.0625	0.0625	0.1875	0.1875	0.1875	0.1875	0.0625	0.0625	0.4772548	4.880256
142	0	-43.5675	-49.2078	5.6403	0.7769206	0.25	0.75	0.0625	0.0625	0.1875	0.1875	0.1875	0.1875	0.0625	0.0625	0.7387959	1.35562
143	1	-43.2013	-48.8495	5.64818	0.6437889	0.25	0.75	0.0625	0.0625	0.1875	0.1875	0.1875	0.1875	0.0625	0.0625	0.4239855	1.819492
144	0	-43.5985	-49.0281	5.42961	0.7217523	0.25	0.75	0.0625	0.0625	0.1875	0.1875	0.1875	0.1875	0.0625	0.0625	0.7425044	1.668306
145	1	-46.4235	-49.4961	3.0726	0.8491277	0.25	0.75	0.0625	0.0625	0.1875	0.1875	0.1875	0.1875	0.0625	0.0625	0.9284613	4.135819
146	0	-42.954	-48.7889	5.83495	0.5474973	0.25	0.75	0.0625	0.0625	0.1875	0.1875	0.1875	0.1875	0.0625	0.0625	1.166017	0.9697807
147	1	-42.6478	-48.9725	6.32473	0.4534337	0.25	0.75	0.0625	0.0625	0.1875	0.1875	0.1875	0.1875	0.0625	0.0625	1.292703	0.3721634
148	0	-43.1561	-49.5455	6.38936	0.3566954	0.25	0.75	0.0625	0.0625	0.1875	0.1875	0.1875	0.1875	0.0625	0.0625	0.4691362	1.233942
149	1	-43.1045	-48.8076	5.70311	0.6123415	0.25	0.75	0.0625	0.0625	0.1875	0.1875	0.1875	0.1875	0.0625	0.0625	1.37752	0.8380152
150	0	-42.719	-49.1452	6.42617	0.7589889	0.25	0.75	0.0625	0.0625	0.1875	0.1875	0.1875	0.1875	0.0625	0.0625	1.132355	0.04815428
151	1	-45.6862	-50.0559	4.36961	0.9648512	0.25	0.75	0.0625	0.0625	0.1875	0.1875	0.1875	0.1875	0.0625	0.0625	2.942181	0.4408239
152	0	-43.6099	-49.1252	5.51536	0.418395	0.25	0.75	0.0625	0.0625	0.1875	0.1875	0.1875	0.1875	0.0625	0.0625	0.04952867	2.620255
153	1	-48.2692	-50.105	1.83575	0.974131	0.25	0.75	0.0625	0.0625	0.1875	0.1875	0.1875	0.1875	0.0625	0.0625	2.175747	4.211725
154	0	-42.8429	-49.9064	7.06345	0.9359189	0.25	0.75	0.0625	0.0625	0.1875	0.1875	0.1875	0.1875	0.0625	0.0625	0.05198923	0.1595357
155	1	-44.7194	-51.082	6.36261	1.14307	0.25	0.75	0.0625	0.0625	0.1875	0.1875	0.1875	0.1875	0.0625	0.0625	0.2925587	0.5064949
156	0	-44.8038	-48.9357	4.13184	0.6866688	0.25	0.75	0.0625	0.0625	0.1875	0.1875	0.1875	0.1875	0.0625	0.0625	2.567258	1.429767
157	1	-44.442	-50.3825	5.94052	1.024793	0.25	0.75	0.0625	0.0625	0.1875	0.1875	0.1875	0.1875	0.0625	0.0625	1.160922	0.2812232
158	0	-45.7663	-48.7877	3.02138	0.5849147	0.25	0.75	0.0625	0.0625	0.1875	0.1875	0.1875	0.1875	0.0625	0.0625	1.368683	4.070991
159	1	-42.2469	-49.5949	7.34794	0.3511186	0.25	0.75	0.0625	0.0625	0.1875	0.1875	0.1875	0.1875	0.0625	0.0625	0.4726603	0.09625823
160	0	-43.3855	-49.0907	5.70518	0.7423777	0.25	0.75	0.0625	0.0625	0.1875	0.1875	0.1875	0.1875	0.0625	0.0625	0.4069394	1.651381
161	1	-41.784	-48.883	7.09905	0.482879	0.25	0.75	0.0625	0.0625	0.1875	0.1875	0.1875	0.1875	0.0625	0.0625	0.2991494	0.4091593
162	0	-42.6278	-49.9693	7.34155	0.3151107	0.25	0.75	0.0625	0.0625	0.1875	0.1875	0.1875	0.1875	0.0625	0.0625	0.330698	0.2886783
163	1	-43.1143	-48.9245	5.81019	0.6818574	0.25	0.75	0.0625	0.0625	0.1875	0.1875	0.1875	0.1875	0.0625	0.0625	0.7847033	1.220665
164	0	-41.5742	-48.799	7.22485	0.6030605	0.25	0.75	0.0625	0.0625	0.1875	0.1875	0.1875	0.1875	0.0625	0.0625	0.191727	0.2238489
165	1	-45.8311	-50.7732	4.94201	1.092171	0.25	0.75	0.0625	0.0625	0.1875	0.1875	0.1875	0.1875	0.0625	0.0625	1.193335	1.35694
166	0	-45.7451	-49.0826	3.33744	0.4270128	0.25	0.75	0.0625	0.0625	0.1875	0.1875	0.1875	0.1875	0.0625	0.0625	0.5532666	4.69819
167	1	-41.6347	-48.8265	7.1918	0.5108294	0.25	0.75	0.0625	0.0625	0.1875	0.1875	0.1875	0.1875	0.0625	0.0625	0.07308617	0.4915762
168	0	-43.7784	-48.7945	5.01608	0.5970936	0.25	0.75	0.0625	0.0625	0.1875	0.1875	0.1875	0.1875	0.0625	0.0625	1.664277	1.387032
169	1	-42.3161	-49.1317	6.81563	0.4171429	0.25	0.75	0.0625	0.0625	0.1875	0.1875	0.1875	0.1875	0.0625	0.0625	0.8752278	0.2486146
170	0	-42.916	-48.9815	6.06553	0.7049194	0.25	0.75	0.0625	0.0625	0.1875	0.1875	0.1875	0.1875	0.0625	0.0625	0.7804537	0.8935856
171	1	-42.9597	-48.8054	5.8457	0.6101333	0.25	0.75	0.0625	0.0625	0.1875	0.1875	0.1875	0.1875	0.0625	0.0625	0.3698738	1.678598
172	0	-44.3722	-48.8078	4.43565	0.5245908	0.25	0.75	0.0625	0.0625	0.1875	0.1875	0.1875	0.1875	0.0625	0.0625	2.603925	1.224428
173	1	-45.4149	-49.2434	3.82846	0.7866493	0.25	0.75	0.0625	0.0625	0.1875	0.1875	0.1875	0.1875	0.0625	0.0625	2.595833	1.643255
174	0	-41.8714	-48.8638	6.99241	0.652156	0.25	0.75	0.0625	0.0625	0.1875	0.1875	0.1875	0.1875	0.0625	0.0625	0.151615	0.4821511
175	1	-43.1414	-48.8671	5.72564	0.6539813	0.25	0.75	0.0625	0.0625	0.1875	0.1875	0.1875	0.1875	0.0625	0.0625	2.033823	0.1053413
176	0	-43.9925	-48.8629	4.87037	0.4914755	0.25	0.75	0.0625	0.0625	0.1875	0.1875	0.1875	0.1875	0.0625	0.0625	1.766931	1.583474
177	1	-49.9419	-48.8305	-1.11131	0.6313171	0.25	0.75	0.0625	0.0625	0.1875	0.1875	0.1875	0.1875	0.0625	0.0625	10.23258	0.07014073
178	0	-44.2534	-49.7911	5.53769	0.3310492	0.25	0.75	0.0625	0.0625	0.1875	0.1875	0.1875	0.1875	0.0625	0.0625	0.1626936	2.584467
179	1	-45.059	-48.7844	3.72545	0.5611255	0.25	0.75	0.0625	0.0625	0.1875	0.1875	0.1875	0.1875	0.0625	0.0625	0.5471458	4.082931
180	0	-44.4774	-48.784	4.30667	0.5648083	0.25	0.75	0.0625	0.0625	0.1875	0.1875	0.1875	0.1875	0.0625	0.0625	2.492445	1.441548
181	1	-41.6432	-48.8997	7.25654	0.4764896	0.25	0.75	0.0625	0.0625	0.1875	0.1875	0.1875	0.1875	0.0625	0.0625	0.4972946	0.03118958
182	0	-41.7689	-49.1889	7.41994	0.4066978	0.25	0.75	0.0625	0.0625	0.1875	0.1875	0.1875	0.1875	0.0625	0.0625	0.3886354	0.02844848
183	1	-45.8881	-49.6241	3.73598	0.3479285	0.25	0.75	0.0625	0.0625	0.1875	0.1875	0.1875	0.1875	0.0625	0.0625	4.743873	0.1273995
184	0	-46.7778	-50.4549	3.67712	1.037584	0.25	0.75	0.0625	0.0625	0.1875	0.1875	0.1875	0.1875	0.0625	0.0625	0.557947	3.562621
185	1	-41.9943	-48.8643	6.86999	0.4908555	0.25	0.75	0.0625	0.0625	0.1875	0.1875	0.1875	0.1875	0.0625	0.0625	0.5338396	0.437584
186	0	-48.4708	-52.3245	3.85375	1.334791	0.25	0.75	0.0625	0.0625	0.1875	0.1875	0.1875	0.1875	0.0625	0.0625	1.514175	2.042488
187	1	-43.8327	-48.9402	5.10749	0.6885587	0.25	0.75	0.0625	0.0625	0.1875	0.1875	0.1875	0.1875	0.0625	0.0625	1.896892	0.9367818
188	0	-41.8179	-48.8693	7.05137	0.4886205	0.25	0.75	0.0625	0.0625	0.1875	0.1875	0.1875	0.1875	0.0625	0.0625	0.3824229	0.3757998
189	1	-41.553	-48.784	7.23102	0.5654227	0.25	0.75	0.0625	0.0625	0.1875	0.1875	0.1875	0.1875	0.0625	0.0625	0.3779381	0.07508816
190	0	-44.8042	-49.0227	4.21844	0.7198559	0.25	0.75	0.0625	0.0625	0.1875	0.1875	0.1875	0.1875	0.0625	0.0625	0.7893464	3.065123
191	1	-42.1921	-48.8602	6.66811	0.4927078	0.25	0.75	0.0625	0.0625	0.1875	0.1875	0.1875	0.1875	0.0625	0.0625	0.6705872	0.5388812
192	0	-43.036	-48.8297	5.79371	0.5088218	0.25	0.75	0.0625	0.0625	0.1875	0.1875	0.1875	0.1875	0.0625	0.0625	1.08278	1.148134
193	1	-42.2773	-49.0592	6.7819	0.7322143	0.25	0.75	0.0625	0.0625	0.1875	0.1875	0.1875	0.1875	0.0625	0.0625	0.2055816	0.5834371
194	0	-43.3921	-48.8226	5.43051	0.6253807	0.25	0.75	0.0625	0.0625	0.1875	0.1875	0.1875	0.1875	0.0625	0.0625	2.416702	0.1077353
195	1	-42.344	-49.0489	6.70496	0.7288241	0.25	0.75	0.0625	0.0625	0.1875	0.1875	0.1875	0.1875	0.0625	0.0625	0.1987313	0.6858834
196	0	-43.2163	-49.1713	5.95501	0.4098063	0.25	0.75	0.0625	0.0625	0.1875	0.1875	0.1875	0.1875	0.0625	0.0625	1.73964	0.4171488
197	1	-42.9436	-49.4046	6.461	0.8276131	0.25	0.75	0.0625	0.0625	0.1875	0.1875	0.1875	0.1875	0.0625	0.0625	0.3015527	0.7558348
198	0	-41.631	-49.0468	7.41579	0.434839	0.25	0.75	0.0625	0.0625	0.1875	0.1875	0.1875	0.1875	0.0625	0.0625	0.3195101	0.06902895
199	1	-44.9926	-48.881	3.8884	0.6613822	0.25	0.75	0.0625	0.0625	0.1875	0.1875	0.1875	0.1875	0.0625	0.0625	1.972752	2.344084
200	0	-44.606	-48.8727	4.26675	0.6570337	0.25	0.75	0.0625	0.0625	0.1875	0.1875	0.1875	0.1875	0.0625	0.0625	3.451086	0.4206591
201	1	-44.0779	-49.8987	5.82076	0.9344031	0.25	0.75	0.0625	0.0625	0.1875	0.1875	0.1875	0.1875	0.0625	0.0625	1.545436	0.1467961
