Iteration	Posterior	Likelihood	Prior	mu_morpho	pi[1]	pi[2]	r[1]	r[2]	r[3]	r[4]	r[5]	r[6]	r[7]	r[8]	rate_01	rate_10
0	-69.8155	-75.0911	5.27565	0.01079551	0.25	0.75	0.0625	0.0625	0.1875	0.1875	0.1875	0.1875	0.0625	0.0625	2.613559	0.8265813
10	-55.4924	-60.3785	4.88611	0.06110642	0.25	0.75	0.0625	0.0625	0.1875	0.1875	0.1875	0.1875	0.0625	0.0625	1.812481	2.031374
20	-54.1574	-55.9963	1.83897	0.1091763	0.25	0.75	0.0625	0.0625	0.1875	0.1875	0.1875	0.1875	0.0625	0.0625	2.256805	5.156213
30	-44.9602	-48.952	3.9918	0.6934191	0.25	0.75	0.0625	0.0625	0.1875	0.1875	0.1875	0.1875	0.0625	0.0625	1.489381	2.666275
40	-47.5775	-50.2805	2.70296	0.2911052	0.25	0.75	0.0625	0.0625	0.1875	0.1875	0.1875	0.1875	0.0625	0.0625	3.740512	2.427769
50	-46.3247	-50.3764	4.05173	1.023702	0.25	0.75	0.0625	0.0625	0.1875	0.1875	0.1875	0.1875	0.0625	0.0625	2.849589	0.8416841
60	-44.007	-48.8114	4.80441	0.5215859	0.25	0.75	0.0625	0.0625	0.1875	0.1875	0.1875	0.1875	0.0625	0.0625	0.5686254	2.824454
70	-42.4651	-48.8348	6.36976	0.6343184	0.25	0.75	0.0625	0.0625	0.1875	0.1875	0.1875	0.1875	0.0625	0.0625	0.4984894	0.8975113
80	-43.9986	-49.3846	5.38594	0.8227563	0.25	0.75	0.0625	0.0625	0.1875	0.1875	0.1875	0.1875	0.0625	0.0625	1.538311	0.8042747
90	-45.022	-50.2764	5.25439	0.2913935	0.25	0.75	0.0625	0.0625	0.1875	0.1875	0.1875	0.1875	0.0625	0.0625	1.720111	1.4114
100	-45.3743	-48.8365	3.46225	0.6354711	0.25	0.75	0.0625	0.0625	0.1875	0.1875	0.1875	0.1875	0.0625	0.0625	0.6443062	4.210519
110	-44.8399	-49.6268	4.78687	0.8782358	0.25	0.75	0.0625	0.0625	0.1875	0.1875	0.1875	0.1875	0.0625	0.0625	1.126453	1.863049
120	-43.7747	-48.7858	5.01104	0.5553617	0.25	0.75	0.0625	0.0625	0.1875	0.1875	0.1875	0.1875	0.0625	0.0625	1.44823	1.658742
130	-44.7705	-48.9619	4.19141	0.4564247	0.25	0.75	0.0625	0.0625	0.1875	0.1875	0.1875	0.1875	0.0625	0.0625	2.902905	1.297243
140	-45.8474	-48.7857	2.93838	0.5794082	0.25	0.75	0.0625	0.0625	0.1875	0.1875	0.1875	0.1875	0.0625	0.0625	1.785758	3.759251
150	-44.7162	-50.2286	5.51245	0.9970427	0.25	0.75	0.0625	0.0625	0.1875	0.1875	0.1875	0.1875	0.0625	0.0625	1.131636	0.8529727
160	-42.7017	-48.8896	6.18796	0.4802904	0.25	0.75	0.0625	0.0625	0.1875	0.1875	0.1875	0.1875	0.0625	0.0625	0.7820182	1.013656
170	-44.0493	-50.0277	5.97835	0.3102758	0.25	0.75	0.0625	0.0625	0.1875	0.1875	0.1875	0.1875	0.0625	0.0625	0.4720327	1.775426
180	-42.9005	-48.8427	5.94228	0.5013894	0.25	0.75	0.0625	0.0625	0.1875	0.1875	0.1875	0.1875	0.0625	0.0625	1.618885	0.4440596
190	-45.7388	-52.1179	6.37916	0.1999046	0.25	0.75	0.0625	0.0625	0.1875	0.1875	0.1875	0.1875	0.0625	0.0625	1.090227	0.8115858
200	-42.3214	-48.809	6.48754	0.6137126	0.25	0.75	0.0625	0.0625	0.1875	0.1875	0.1875	0.1875	0.0625	0.0625	0.4254036	0.8549509
210	-42.8671	-49.2832	6.41611	0.3913174	0.25	0.75	0.0625	0.0625	0.1875	0.1875	0.1875	0.1875	0.0625	0.0625	0.6638461	0.966194
220	-43.2297	-48.8409	5.61116	0.6383495	0.25	0.75	0.0625	0.0625	0.1875	0.1875	0.1875	0.1875	0.0625	0.0625	0.7935144	1.500497
230	-44.4867	-49.071	4.58423	0.4294858	0.25	0.75	0.0625	0.0625	0.1875	0.1875	0.1875	0.1875	0.0625	0.0625	1.335613	2.429098
240	-43.9751	-49.1875	5.21238	0.4069363	0.25	0.75	0.0625	0.0625	0.1875	0.1875	0.1875	0.1875	0.0625	0.0625	1.318309	1.725686
250	-42.6488	-48.8344	6.18565	0.5060177	0.25	0.75	0.0625	0.0625	0.1875	0.1875	0.1875	0.1875	0.0625	0.0625	1.187618	0.5801785
260	-42.6744	-49.0075	6.33314	0.4442231	0.25	0.75	0.0625	0.0625	0.1875	0.1875	0.1875	0.1875	0.0625	0.0625	1.579233	0.08658601
270	-42.1265	-48.7845	6.65799	0.5607108	0.25	0.75	0.0625	0.0625	0.1875	0.1875	0.1875	0.1875	0.0625	0.0625	0.8838668	0.2567206
280	-42.0385	-49.0226	6.98406	0.4405214	0.25	0.75	0.0625	0.0625	0.1875	0.1875	0.1875	0.1875	0.0625	0.0625	0.3242084	0.5713597
290	-50.5324	-51.7333	1.20095	1.245607	0.25	0.75	0.0625	0.0625	0.1875	0.1875	0.1875	0.1875	0.0625	0.0625	2.192913	4.626956
300	-42.2336	-48.8567	6.62307	0.4943553	0.25	0.75	0.0625	0.0625	0.1875	0.1875	0.1875	0.1875	0.0625	0.0625	0.1069659	1.154148
310	-42.0787	-48.8554	6.77668	0.4949929	0.25	0.75	0.0625	0.0625	0.1875	0.1875	0.1875	0.1875	0.0625	0.0625	0.5059015	0.5716397
320	-43.2658	-48.8001	5.53428	0.5320455	0.25	0.75	0.0625	0.0625	0.1875	0.1875	0.1875	0.1875	0.0625	0.0625	0.7590856	1.752928
330	-47.2162	-50.4687	3.25253	0.2783867	0.25	0.75	0.0625	0.0625	0.1875	0.1875	0.1875	0.1875	0.0625	0.0625	1.475038	4.054345
340	-41.9014	-49.3295	7.42809	0.3844557	0.25	0.75	0.0625	0.0625	0.1875	0.1875	0.1875	0.1875	0.0625	0.0625	0.07058264	0.3632776
350	-41.4992	-48.8088	7.30958	0.6134907	0.25	0.75	0.0625	0.0625	0.1875	0.1875	0.1875	0.1875	0.0625	0.0625	0.1850038	0.1173129
360	-44.907	-49.274	4.36694	0.7947847	0.25	0.75	0.0625	0.0625	0.1875	0.1875	0.1875	0.1875	0.0625	0.0625	1.988203	1.600364
370	-43.4102	-49.2479	5.83765	0.3968403	0.25	0.75	0.0625	0.0625	0.1875	0.1875	0.1875	0.1875	0.0625	0.0625	0.3635463	1.948335
380	-45.2187	-49.7435	4.52478	0.9029839	0.25	0.75	0.0625	0.0625	0.1875	0.1875	0.1875	0.1875	0.0625	0.0625	0.1037555	3.16821
390	-43.7055	-50.4196	6.7141	1.031367	0.25	0.75	0.0625	0.0625	0.1875	0.1875	0.1875	0.1875	0.0625	0.0625	0.2032289	0.310463
400	-41.4438	-49.0892	7.64539	0.4256266	0.25	0.75	0.0625	0.0625	0.1875	0.1875	0.1875	0.1875	0.0625	0.0625	0.105655	0.02060101
410	-43.8211	-48.8277	5.0066	0.6292854	0.25	0.75	0.0625	0.0625	0.1875	0.1875	0.1875	0.1875	0.0625	0.0625	1.786163	1.23812
420	-44.2605	-49.9179	5.65734	0.938184	0.25	0.75	0.0625	0.0625	0.1875	0.1875	0.1875	0.1875	0.0625	0.0625	1.578688	0.3035302
430	-41.5941	-48.8408	7.24664	0.5024627	0.25	0.75	0.0625	0.0625	0.1875	0.1875	0.1875	0.1875	0.0625	0.0625	0.1691272	0.340235
440	-42.1116	-48.8703	6.75869	0.6557496	0.25	0.75	0.0625	0.0625	0.1875	0.1875	0.1875	0.1875	0.0625	0.0625	0.08783875	0.8197992
450	-42.6226	-49.2263	6.60365	0.4003541	0.25	0.75	0.0625	0.0625	0.1875	0.1875	0.1875	0.1875	0.0625	0.0625	0.006143023	1.389949
460	-41.7048	-48.7853	7.08052	0.5569415	0.25	0.75	0.0625	0.0625	0.1875	0.1875	0.1875	0.1875	0.0625	0.0625	0.4530961	0.1891271
470	-43.3841	-48.7897	5.40563	0.5892748	0.25	0.75	0.0625	0.0625	0.1875	0.1875	0.1875	0.1875	0.0625	0.0625	1.255611	1.341406
480	-44.8396	-49.58	4.74033	0.8679971	0.25	0.75	0.0625	0.0625	0.1875	0.1875	0.1875	0.1875	0.0625	0.0625	2.792281	0.2647981
490	-41.8154	-48.8173	7.00187	0.5171039	0.25	0.75	0.0625	0.0625	0.1875	0.1875	0.1875	0.1875	0.0625	0.0625	0.1467008	0.6365278
500	-44.0846	-48.784	4.69941	0.5659348	0.25	0.75	0.0625	0.0625	0.1875	0.1875	0.1875	0.1875	0.0625	0.0625	1.236671	2.228583
510	-42.7042	-48.9086	6.2044	0.4732839	0.25	0.75	0.0625	0.0625	0.1875	0.1875	0.1875	0.1875	0.0625	0.0625	1.611317	0.1731228
520	-41.9058	-48.7859	6.88015	0.5800492	0.25	0.75	0.0625	0.0625	0.1875	0.1875	0.1875	0.1875	0.0625	0.0625	0.1115863	0.7415939
530	-43.3176	-49.0281	5.71054	0.4391928	0.25	0.75	0.0625	0.0625	0.1875	0.1875	0.1875	0.1875	0.0625	0.0625	2.086439	0.3263155
540	-44.3897	-48.9698	4.58008	0.7004531	0.25	0.75	0.0625	0.0625	0.1875	0.1875	0.1875	0.1875	0.0625	0.0625	0.6383754	2.808802
550	-45.3604	-48.7878	3.42735	0.5499338	0.25	0.75	0.0625	0.0625	0.1875	0.1875	0.1875	0.1875	0.0625	0.0625	0.6956797	4.302483
560	-43.8581	-48.8884	5.03029	0.6650986	0.25	0.75	0.0625	0.0625	0.1875	0.1875	0.1875	0.1875	0.0625	0.0625	2.19405	0.7594169
570	-43.2423	-49.2831	6.04078	0.7971678	0.25	0.75	0.0625	0.0625	0.1875	0.1875	0.1875	0.1875	0.0625	0.0625	0.4973627	1.096359
580	-42.7146	-48.7923	6.07769	0.5418478	0.25	0.75	0.0625	0.0625	0.1875	0.1875	0.1875	0.1875	0.0625	0.0625	1.809965	0.04367693
590	-42.5123	-49.0011	6.48884	0.7121742	0.25	0.75	0.0625	0.0625	0.1875	0.1875	0.1875	0.1875	0.0625	0.0625	1.016512	0.1451193
600	-42.22	-48.9381	6.71803	0.4635479	0.25	0.75	0.0625	0.0625	0.1875	0.1875	0.1875	0.1875	0.0625	0.0625	0.433497	0.7512651
610	-42.6893	-48.7853	6.09603	0.556835	0.25	0.75	0.0625	0.0625	0.1875	0.1875	0.1875	0.1875	0.0625	0.0625	1.769923	0.04406232
620	-42.6914	-49.6869	6.99551	0.3413236	0.25	0.75	0.0625	0.0625	0.1875	0.1875	0.1875	0.1875	0.0625	0.0625	0.4792216	0.5207798
630	-45.3689	-49.9619	4.59297	0.3157389	0.25	0.75	0.0625	0.0625	0.1875	0.1875	0.1875	0.1875	0.0625	0.0625	1.303433	2.586253
640	-45.799	-51.4388	5.63974	0.2268754	0.25	0.75	0.0625	0.0625	0.1875	0.1875	0.1875	0.1875	0.0625	0.0625	2.258482	0.4912067
650	-45.0543	-50.379	5.32472	0.284303	0.25	0.75	0.0625	0.0625	0.1875	0.1875	0.1875	0.1875	0.0625	0.0625	2.233281	0.8229688
660	-43.334	-49.8545	6.52048	0.325162	0.25	0.75	0.0625	0.0625	0.1875	0.1875	0.1875	0.1875	0.0625	0.0625	1.093407	0.491157
670	-44.1597	-49.4938	5.33414	0.8486022	0.25	0.75	0.0625	0.0625	0.1875	0.1875	0.1875	0.1875	0.0625	0.0625	1.895173	0.4782905
680	-41.3516	-48.8735	7.52188	0.4868193	0.25	0.75	0.0625	0.0625	0.1875	0.1875	0.1875	0.1875	0.0625	0.0625	0.1150663	0.08535499
690	-47.1893	-51.3186	4.12929	1.180958	0.25	0.75	0.0625	0.0625	0.1875	0.1875	0.1875	0.1875	0.0625	0.0625	0.7682231	2.643594
700	-46.8199	-50.1982	3.37828	0.2970518	0.25	0.75	0.0625	0.0625	0.1875	0.1875	0.1875	0.1875	0.0625	0.0625	0.4772548	4.880256
710	-43.2013	-48.8495	5.64818	0.6437889	0.25	0.75	0.0625	0.0625	0.1875	0.1875	0.1875	0.1875	0.0625	0.0625	0.4239855	1.819492
720	-46.4235	-49.4961	3.0726	0.8491277	0.25	0.75	0.0625	0.0625	0.1875	0.1875	0.1875	0.1875	0.0625	0.0625	0.9284613	4.135819
730	-42.6478	-48.9725	6.32473	0.4534337	0.25	0.75	0.0625	0.0625	0.1875	0.1875	0.1875	0.1875	0.0625	0.0625	1.292703	0.3721634
740	-43.1045	-48.8076	5.70311	0.6123415	0.25	0.75	0.0625	0.0625	0.1875	0.1875	0.1875	0.1875	0.0625	0.0625	1.37752	0.8380152
750	-45.6862	-50.0559	4.36961	0.9648512	0.25	0.75	0.0625	0.0625	0.1875	0.1875	0.1875	0.1875	0.0625	0.0625	2.942181	0.4408239
760	-48.2692	-50.105	1.83575	0.974131	0.25	0.75	0.0625	0.0625	0.1875	0.1875	0.1875	0.1875	0.0625	0.0625	2.175747	4.211725
770	-44.7194	-51.082	6.36261	1.14307	0.25	0.75	0.0625	0.0625	0.1875	0.1875	0.1875	0.1875	0.0625	0.0625	0.2925587	0.5064949
780	-44.442	-50.3825	5.94052	1.024793	0.25	0.75	0.0625	0.0625	0.1875	0.1875	0.1875	0.1875	0.0625	0.0625	1.160922	0.2812232
790	-42.2469	-49.5949	7.34794	0.3511186	0.25	0.75	0.0625	0.0625	0.1875	0.1875	0.1875	0.1875	0.0625	0.0625	0.4726603	0.09625823
800	-41.784	-48.883	7.09905	0.482879	0.25	0.75	0.0625	0.0625	0.1875	0.1875	0.1875	0.1875	0.0625	0.0625	0.2991494	0.4091593
810	-43.1143	-48.9245	5.81019	0.6818574	0.25	0.75	0.0625	0.0625	0.1875	0.1875	0.1875	0.1875	0.0625	0.0625	0.7847033	1.220665
820	-45.8311	-50.7732	4.94201	1.092171	0.25	0.75	0.0625	0.0625	0.1875	0.1875	0.1875	0.1875	0.0625	0.0625	1.193335	1.35694
830	-41.6347	-48.8265	7.1918	0.5108294	0.25	0.75	0.0625	0.0625	0.1875	0.1875	0.1875	0.1875	0.0625	0.0625	0.07308617	0.4915762
840	-42.3161	-49.1317	6.81563	0.4171429	0.25	0.75	0.0625	0.0625	0.1875	0.1875	0.1875	0.1875	0.0625	0.0625	0.8752278	0.2486146
850	-42.9597	-48.8054	5.8457	0.6101333	0.25	0.75	0.0625	0.0625	0.1875	0.1875	0.1875	0.1875	0.0625	0.0625	0.3698738	1.678598
860	-45.4149	-49.2434	3.82846	0.7866493	0.25	0.75	0.0625	0.0625	0.1875	0.1875	0.1875	0.1875	0.0625	0.0625	2.595833	1.643255
870	-43.1414	-48.8671	5.72564	0.6539813	0.25	0.75	0.0625	0.0625	0.1875	0.1875	0.1875	0.1875	0.0625	0.0625	2.033823	0.1053413
880	-49.9419	-48.8305	-1.11131	0.6313171	0.25	0.75	0.0625	0.0625	0.1875	0.1875	0.1875	0.1875	0.0625	0.0625	10.23258	0.07014073
890	-45.059	-48.7844	3.72545	0.5611255	0.25	0.75	0.0625	0.0625	0.1875	0.1875	0.1875	0.1875	0.0625	0.0625	0.5471458	4.082931
900	-41.6432	-48.8997	7.25654	0.4764896	0.25	0.75	0.0625	0.0625	0.1875	0.1875	0.1875	0.1875	0.0625	0.0625	0.4972946	0.03118958
910	-45.8881	-49.6241	3.73598	0.3479285	0.25	0.75	0.0625	0.0625	0.1875	0.1875	0.1875	0.1875	0.0625	0.0625	4.743873	0.1273995
920	-41.9943	-48.8643	6.86999	0.4908555	0.25	0.75	0.0625	0.0625	0.1875	0.1875	0.1875	0.1875	0.0625	0.0625	0.5338396	0.437584
930	-43.8327	-48.9402	5.10749	0.6885587	0.25	0.75	0.0625	0.0625	0.1875	0.1875	0.1875	0.1875	0.0625	0.0625	1.896892	0.9367818
940	-41.553	-48.784	7.23102	0.5654227	0.25	0.75	0.0625	0.0625	0.1875	0.1875	0.1875	0.1875	0.0625	0.0625	0.3779381	0.07508816
950	-42.1921	-48.8602	6.66811	0.4927078	0.25	0.75	0.0625	0.0625	0.1875	0.1875	0.1875	0.1875	0.0625	0.0625	0.6705872	0.5388812
960	-42.2773	-49.0592	6.7819	0.7322143	0.25	0.75	0.0625	0.0625	0.1875	0.1875	0.1875	0.1875	0.0625	0.0625	0.2055816	0.5834371
970	-42.344	-49.0489	6.70496	0.7288241	0.25	0.75	0.0625	0.0625	0.1875	0.1875	0.1875	0.1875	0.0625	0.0625	0.1987313	0.6858834
980	-42.9436	-49.4046	6.461	0.8276131	0.25	0.75	0.0625	0.0625	0.1875	0.1875	0.1875	0.1875	0.0625	0.0625	0.3015527	0.7558348
990	-44.9926	-48.881	3.8884	0.6613822	0.25	0.75	0.0625	0.0625	0.1875	0.1875	0.1875	0.1875	0.0625	0.0625	1.972752	2.344084
1000	-44.0779	-49.8987	5.82076	0.9344031	0.25	0.75	0.0625	0.0625	0.1875	0.1875	0.1875	0.1875	0.0625	0.0625	1.545436	0.1467961
