IQ-TREE multicore version 1.6.12 for Mac OS X 64-bit built Aug 15 2019
Developed by Bui Quang Minh, Nguyen Lam Tung, Olga Chernomor,
Heiko Schmidt, Dominik Schrempf, Michael Woodhams.

Host:    alejandros-mbp.lan (AVX2, FMA3, 16 GB RAM)
Command: ./iqtree -s Seqs_and_Alignments/chordata18S_MUSCLE.afa -nt AUTO -bb 1000
Seed:    338653 (Using SPRNG - Scalable Parallel Random Number Generator)
Time:    Wed Feb  2 12:17:18 2022
Kernel:  AVX+FMA - auto-detect threads (8 CPU cores detected)

Reading alignment file Seqs_and_Alignments/chordata18S_MUSCLE.afa ... Fasta format detected
Alignment most likely contains DNA/RNA sequences
WARNING: 1 sites contain only gaps or ambiguous characters.
Alignment has 52 sequences with 1969 columns, 798 distinct patterns
471 parsimony-informative, 302 singleton sites, 1196 constant sites
                                       Gap/Ambiguity  Composition  p-value
   1  AB075543.1_Megalodicopia_hians           9.29%    passed     90.22%
   2  AB013014.1_Oikopleura_dioica            10.87%    failed      0.01%
   3  HQ015389.1_Soestia_zonaria               9.50%    passed     26.93%
   4  HQ015393.1_Cyclosalpa_floridana         10.92%    passed     99.68%
   5  HQ015398.1_Cyclosalpa_sewelli           12.65%    passed     99.49%
   6  HQ015390.1_Thetys_vagina                12.39%    passed     95.43%
   7  M97574.1_Myxine_glutinosa                6.15%    failed      0.00%
   8  HQ015410.1_Ritteriella_retracta         11.43%    passed     91.89%
   9  M97571.1_Branchiostoma_floridae          9.80%    passed     13.13%
  10  HQ015404.1_Brooksia_rostrata            11.83%    passed     85.54%
  11  HQ015395.1_Cyclosalpa_sewelli           12.85%    passed     97.89%
  12  FM244840.1_Clavelina_meridionalis       12.75%    passed     99.91%
  13  HQ015407.1_Salpa_maxima                  9.29%    passed     82.87%
  14  HQ015392.1_Cyclosalpa_affinis           11.73%    passed     99.40%
  15  HQ015378.1_Ihlea_racovitzai             11.12%    passed     86.85%
  16  AB104873.1_Perophora_sagamiensis        12.65%    passed     85.95%
  17  HQ015397.1_Cyclosalpa_quadriluminis     15.54%    passed     99.82%
  18  HQ015383.1_Pyrosomella_verticillata     10.67%    passed     95.15%
  19  HQ015415.1_Thalia_democratica           10.21%    passed     58.34%
  20  AB921975.1_Molgula_manhattensis         57.08%    passed     22.04%
  21  M91181.1_Echinorhinus_cookei            10.01%    passed     33.28%
  22  HQ015406.1_Salpa_thompsoni               7.97%    passed     86.00%
  23  HQ015414.1_Thalia_democratica           11.33%    passed     65.18%
  24  HQ015387.1_Pegea_confoederata            9.40%    passed     86.64%
  25  HQ015380.1_Pyrosomella_verticillata     12.04%    passed     97.77%
  26  L12378.2_Ascidia_ceratodes               7.52%    passed     53.28%
  27  HQ015376.1_Doliolum_denticulatum        15.19%    passed     11.84%
  28  HQ015379.1_Pyrostremma_spinosum         12.14%    passed     78.01%
  29  HQ015403.1_Brooksia_rostrata            11.63%    passed     89.72%
  30  HQ015411.1_Ritteriella_retracta          9.70%    passed     85.22%
  31  HQ015382.1_Pyrosomella_verticillata      9.65%    passed     99.78%
  32  HQ015413.1_Thalia_democratica           11.93%    passed     77.80%
  33  HQ015408.1_Salpa_maxima                 12.09%    passed     92.89%
  34  HQ015396.1_Cyclosalpa_polae             12.44%    passed     99.16%
  35  FM244841.1_Pycnoclavella_aff._detorta   12.44%    passed     96.26%
  36  AJ250778.1_Ciona_intestinalis           50.33%    passed     65.70%
  37  HQ015384.1_Pyrosoma_godeauxi            12.90%    passed     94.19%
  38  HQ015402.1_Iasis_cylindrica             14.37%    passed     99.25%
  39  HQ015391.1_Cyclosalpa_affinis            9.95%    passed     97.27%
  40  HQ015388.1_Pegea_bicaudata              10.01%    passed     92.81%
  41  HQ015400.1_Iasis_cylindrica              9.29%    passed     97.08%
  42  AF165821.2_Chelyosoma_siboja             9.55%    passed     92.00%
  43  HQ015405.1_Salpa_aspera                 12.39%    passed     86.14%
  44  HQ015394.1_Cyclosalpa_polae              9.24%    passed     98.45%
  45  HQ015412.1_Thalia_orientalis            10.77%    passed     88.93%
  46  HQ015401.1_Iasis_cylindrica             12.19%    passed     98.66%
  47  HQ015399.1_Iasis_cylindrica             12.14%    passed     97.99%
  48  AY903925.1_Halocynthia_igaboja          10.01%    passed     99.94%
  49  HQ015386.1_Pegea_confoederata           11.53%    passed     82.79%
  50  HQ015381.1_Pyrosoma_atlanticum          10.82%    passed     96.92%
  51  HQ015385.1_Pyrosoma_atlanticum          14.63%    passed     87.93%
  52  HQ015409.1_Salpa_fusiformis             12.54%    passed     93.23%
WARNING: 2 sequences contain more than 50% gaps/ambiguity
****  TOTAL                                   12.82%  2 sequences failed composition chi2 test (p-value<5%; df=3)


Create initial parsimony tree by phylogenetic likelihood library (PLL)... 0.006 seconds
NOTE: ModelFinder requires 16 MB RAM!
ModelFinder will test 286 DNA models (sample size: 1969) ...
 No. Model         -LnL         df  AIC          AICc         BIC
Measuring multi-threading efficiency up to 8 CPU cores
Increase to 10 rounds for branch lengths
290 trees examined
Threads: 1 / Time: 8.005 sec / Speedup: 1.000 / Efficiency: 100% / LogL: -26020
Threads: 2 / Time: 5.490 sec / Speedup: 1.458 / Efficiency: 73% / LogL: -26020
Threads: 3 / Time: 4.647 sec / Speedup: 1.723 / Efficiency: 57% / LogL: -26020
Threads: 4 / Time: 5.632 sec / Speedup: 1.421 / Efficiency: 36% / LogL: -26020
BEST NUMBER OF THREADS: 3

  1  JC            14640.013    101 29482.026    29493.062    30046.139
  2  JC+I          13688.798    102 27581.596    27592.856    28151.294
  3  JC+G4         13336.669    102 26877.339    26888.599    27447.038
  4  JC+I+G4       13297.903    103 26801.806    26813.293    27377.090
  5  JC+R2         13347.577    103 26901.154    26912.641    27476.438
  6  JC+R3         13264.564    105 26739.127    26751.076    27325.582
  7  JC+R4         13245.302    107 26704.604    26717.024    27302.230
  8  JC+R5         13235.972    109 26689.943    26702.842    27298.739
  9  JC+R6         13231.661    111 26685.322    26698.711    27305.288
 14  F81+F         14650.835    104 29509.669    29521.386    30090.538
 15  F81+F+I       13705.221    105 27620.441    27632.390    28206.896
 16  F81+F+G4      13353.795    105 26917.590    26929.539    27504.045
 17  F81+F+I+G4    13315.096    106 26842.192    26854.374    27434.232
 18  F81+F+R2      13362.957    106 26937.913    26950.096    27529.953
 19  F81+F+R3      13281.819    108 26779.637    26792.295    27382.847
 20  F81+F+R4      13263.228    110 26746.456    26759.599    27360.837
 21  F81+F+R5      13254.454    112 26732.907    26746.545    27358.459
 22  F81+F+R6      13250.619    114 26729.238    26743.380    27365.960
 27  K2P           14445.373    102 29094.746    29106.007    29664.445
 28  K2P+I         13485.512    103 27177.023    27188.511    27752.307
 29  K2P+G4        13110.234    103 26426.468    26437.955    27001.752
 30  K2P+I+G4      13069.576    104 26347.152    26358.868    26928.021
 31  K2P+R2        13122.350    104 26452.701    26464.417    27033.570
 32  K2P+R3        13038.679    106 26289.357    26301.540    26881.397
 33  K2P+R4        13017.041    108 26250.082    26262.740    26853.292
 34  K2P+R5        13005.988    110 26231.976    26245.119    26846.357
 35  K2P+R6        13000.699    112 26225.398    26239.036    26850.949
 40  HKY+F         14457.562    105 29125.123    29137.072    29711.578
 41  HKY+F+I       13496.287    106 27204.574    27216.756    27796.613
 42  HKY+F+G4      13118.193    106 26448.386    26460.568    27040.426
 43  HKY+F+I+G4    13077.678    107 26369.355    26381.774    26966.980
 44  HKY+F+R2      13130.940    107 26475.881    26488.300    27073.506
 45  HKY+F+R3      13047.596    109 26313.191    26326.091    26921.987
 46  HKY+F+R4      13026.033    111 26274.067    26287.456    26894.033
 47  HKY+F+R5      13014.998    113 26255.996    26269.885    26887.133
 48  HKY+F+R6      13009.782    115 26249.564    26263.962    26891.871
 53  TNe           14379.997    103 28965.994    28977.481    29541.278
 54  TNe+I         13455.514    104 27119.027    27130.744    27699.897
 55  TNe+G4        13075.428    104 26358.857    26370.574    26939.726
 56  TNe+I+G4      13038.133    105 26286.266    26298.215    26872.721
 57  TNe+R2        13090.194    105 26390.389    26402.337    26976.844
 58  TNe+R3        13006.677    107 26227.354    26239.773    26824.979
 59  TNe+R4        12987.497    109 26192.994    26205.893    26801.790
 60  TNe+R5        12978.201    111 26178.401    26191.790    26798.367
 61  TNe+R6        12974.190    113 26174.379    26188.268    26805.516
 66  TN+F          14368.501    106 28949.002    28961.185    29541.042
 67  TN+F+I        13449.880    107 27113.759    27126.178    27711.384
 68  TN+F+G4       13065.526    107 26345.052    26357.472    26942.678
 69  TN+F+I+G4     13028.468    108 26272.937    26285.595    26876.147
 70  TN+F+R2       13082.799    108 26381.598    26394.256    26984.809
 71  TN+F+R3       12997.971    110 26215.943    26229.086    26830.324
 72  TN+F+R4       12979.121    112 26182.243    26195.880    26807.794
 73  TN+F+R5       12970.086    114 26168.171    26182.314    26804.893
 74  TN+F+R6       12966.345    116 26164.689    26179.346    26812.582
 79  K3P           14445.291    103 29096.582    29108.070    29671.866
 80  K3P+I         13485.467    104 27178.933    27190.650    27759.803
 81  K3P+G4        13110.206    104 26428.411    26440.128    27009.281
 82  K3P+I+G4      13069.528    105 26349.056    26361.004    26935.510
 83  K3P+R2        13122.318    105 26454.637    26466.585    27041.091
 84  K3P+R3        13038.687    107 26291.374    26303.793    26888.999
 85  K3P+R4        13017.026    109 26252.051    26264.951    26860.847
 86  K3P+R5        13005.614    111 26233.229    26246.618    26853.195
 87  K3P+R6        13000.132    113 26226.265    26240.154    26857.402
 92  K3Pu+F        14457.427    106 29126.853    29139.036    29718.893
 93  K3Pu+F+I      13496.193    107 27206.385    27218.804    27804.010
 94  K3Pu+F+G4     13118.178    107 26450.357    26462.776    27047.982
 95  K3Pu+F+I+G4   13077.660    108 26371.321    26383.979    26974.531
 96  K3Pu+F+R2     13130.921    108 26477.843    26490.501    27081.053
 97  K3Pu+F+R3     13047.596    110 26315.192    26328.335    26929.573
 98  K3Pu+F+R4     13026.025    112 26276.049    26289.687    26901.601
 99  K3Pu+F+R5     13014.669    114 26257.338    26271.480    26894.060
100  K3Pu+F+R6     13009.270    116 26250.540    26265.197    26898.433
105  TPM2+F        14457.177    106 29126.354    29138.536    29718.393
106  TPM2+F+I      13495.993    107 27205.986    27218.405    27803.611
107  TPM2+F+G4     13117.462    107 26448.924    26461.343    27046.549
108  TPM2+F+I+G4   13077.034    108 26370.067    26382.725    26973.277
109  TPM2+F+R2     13130.537    108 26477.074    26489.732    27080.285
110  TPM2+F+R3     13047.176    110 26314.351    26327.495    26928.732
111  TPM2+F+R4     13025.572    112 26275.143    26288.781    26900.695
112  TPM2+F+R5     13014.177    114 26256.353    26270.496    26893.075
113  TPM2+F+R6     13008.759    116 26249.518    26264.175    26897.411
118  TPM2u+F       14457.177    106 29126.355    29138.537    29718.394
119  TPM2u+F+I     13495.994    107 27205.987    27218.406    27803.612
120  TPM2u+F+G4    13117.462    107 26448.924    26461.343    27046.549
121  TPM2u+F+I+G4  13077.035    108 26370.070    26382.728    26973.281
122  TPM2u+F+R2    13130.535    108 26477.070    26489.728    27080.281
123  TPM2u+F+R3    13047.176    110 26314.352    26327.495    26928.733
124  TPM2u+F+R4    13025.572    112 26275.144    26288.782    26900.695
125  TPM2u+F+R5    13014.161    114 26256.322    26270.464    26893.044
126  TPM2u+F+R6    13008.736    116 26249.472    26264.129    26897.365
131  TPM3+F        14456.880    106 29125.760    29137.943    29717.800
132  TPM3+F+I      13495.456    107 27204.913    27217.332    27802.538
133  TPM3+F+G4     13114.158    107 26442.316    26454.735    27039.941
134  TPM3+F+I+G4   13074.440    108 26364.880    26377.538    26968.090
135  TPM3+F+R2     13126.417    108 26468.834    26481.492    27072.044
136  TPM3+F+R3     13044.499    110 26308.998    26322.141    26923.379
137  TPM3+F+R4     13023.227    112 26270.454    26284.092    26896.005
138  TPM3+F+R5     13012.088    114 26252.177    26266.319    26888.899
139  TPM3+F+R6     13006.849    116 26245.698    26260.355    26893.591
144  TPM3u+F       14456.881    106 29125.763    29137.945    29717.803
145  TPM3u+F+I     13495.457    107 27204.914    27217.333    27802.539
146  TPM3u+F+G4    13114.158    107 26442.317    26454.736    27039.942
147  TPM3u+F+I+G4  13074.441    108 26364.883    26377.541    26968.093
148  TPM3u+F+R2    13126.409    108 26468.819    26481.477    27072.029
149  TPM3u+F+R3    13044.499    110 26308.999    26322.142    26923.380
150  TPM3u+F+R4    13023.228    112 26270.456    26284.094    26896.008
151  TPM3u+F+R5    13012.085    114 26252.170    26266.312    26888.892
152  TPM3u+F+R6    13006.839    116 26245.677    26260.334    26893.570
157  TIMe          14379.903    104 28967.806    28979.523    29548.675
158  TIMe+I        13455.458    105 27120.916    27132.864    27707.370
159  TIMe+G4       13075.395    105 26360.790    26372.739    26947.245
160  TIMe+I+G4     13038.172    106 26288.344    26300.527    26880.384
161  TIMe+R2       13090.168    106 26392.335    26404.518    26984.375
162  TIMe+R3       13006.674    108 26229.347    26242.006    26832.558
163  TIMe+R4       12987.495    110 26194.989    26208.132    26809.370
164  TIMe+R5       12977.973    112 26179.946    26193.584    26805.497
165  TIMe+R6       12973.783    114 26175.565    26189.708    26812.287
170  TIM+F         14368.364    107 28950.727    28963.146    29548.352
171  TIM+F+I       13449.781    108 27115.562    27128.220    27718.773
172  TIM+F+G4      13065.510    108 26347.020    26359.679    26950.231
173  TIM+F+I+G4    13028.506    109 26275.012    26287.911    26883.807
174  TIM+F+R2      13082.781    109 26383.562    26396.462    26992.358
175  TIM+F+R3      12997.974    111 26217.948    26231.337    26837.914
176  TIM+F+R4      12979.124    113 26184.248    26198.137    26815.385
177  TIM+F+R5      12969.936    115 26169.873    26184.271    26812.180
178  TIM+F+R6      12966.049    117 26166.097    26181.014    26819.575
183  TIM2e         14377.966    104 28963.932    28975.648    29544.801
184  TIM2e+I       13453.177    105 27116.354    27128.303    27702.809
185  TIM2e+G4      13075.226    105 26360.452    26372.401    26946.907
186  TIM2e+I+G4    13037.945    106 26287.890    26300.073    26879.930
187  TIM2e+R2      13089.914    106 26391.827    26404.010    26983.867
188  TIM2e+R3      13006.436    108 26228.872    26241.530    26832.082
189  TIM2e+R4      12987.277    110 26194.553    26207.696    26808.934
190  TIM2e+R5      12977.753    112 26179.506    26193.144    26805.057
191  TIM2e+R6      12973.494    114 26174.988    26189.130    26811.710
196  TIM2+F        14368.119    107 28950.237    28962.656    29547.862
197  TIM2+F+I      13449.592    108 27115.184    27127.842    27718.394
198  TIM2+F+G4     13065.117    108 26346.234    26358.892    26949.444
199  TIM2+F+I+G4   13028.008    109 26274.017    26286.916    26882.812
200  TIM2+F+R2     13082.624    109 26383.249    26396.148    26992.044
201  TIM2+F+R3     12997.633    111 26217.267    26230.656    26837.233
202  TIM2+F+R4     12978.727    113 26183.454    26197.343    26814.591
203  TIM2+F+R5     12969.495    115 26168.990    26183.389    26811.298
204  TIM2+F+R6     12965.506    117 26165.013    26179.930    26818.491
209  TIM3e         14378.116    104 28964.232    28975.949    29545.101
210  TIM3e+I       13453.570    105 27117.140    27129.088    27703.595
211  TIM3e+G4      13069.689    105 26349.377    26361.326    26935.832
212  TIM3e+I+G4    13033.277    106 26278.553    26290.736    26870.593
213  TIM3e+R2      13083.577    106 26379.154    26391.337    26971.194
214  TIM3e+R3      13002.131    108 26220.263    26232.921    26823.473
215  TIM3e+R4      12983.382    110 26186.765    26199.908    26801.146
216  TIM3e+R5      12974.200    112 26172.401    26186.039    26797.952
217  TIM3e+R6      12969.883    114 26167.766    26181.908    26804.488
222  TIM3+F        14367.719    107 28949.437    28961.856    29547.062
223  TIM3+F+I      13448.920    108 27113.841    27126.499    27717.051
224  TIM3+F+G4     13062.251    108 26340.502    26353.160    26943.712
225  TIM3+F+I+G4   13025.818    109 26269.635    26282.535    26878.431
226  TIM3+F+R2     13078.474    109 26374.949    26387.848    26983.745
227  TIM3+F+R3     12995.376    111 26212.752    26226.141    26832.718
228  TIM3+F+R4     12976.849    113 26179.698    26193.587    26810.835
229  TIM3+F+R5     12967.909    115 26165.818    26180.216    26808.125
230  TIM3+F+R6     12963.861    117 26161.723    26176.640    26815.201
235  TVMe          14441.361    105 29092.723    29104.671    29679.177
236  TVMe+I        13481.268    106 27174.536    27186.719    27766.576
237  TVMe+G4       13103.895    106 26419.790    26431.973    27011.830
238  TVMe+I+G4     13064.218    107 26342.435    26354.855    26940.061
239  TVMe+R2       13115.576    107 26445.153    26457.572    27042.778
240  TVMe+R3       13033.607    109 26285.214    26298.113    26894.009
241  TVMe+R4       13012.309    111 26246.618    26260.007    26866.584
242  TVMe+R5       13001.091    113 26228.181    26242.070    26859.318
243  TVMe+R6       12995.709    115 26221.418    26235.816    26863.726
248  TVM+F         14456.263    108 29128.526    29141.184    29731.736
249  TVM+F+I       13494.997    109 27207.994    27220.893    27816.789
250  TVM+F+G4      13113.414    109 26444.828    26457.727    27053.623
251  TVM+F+I+G4    13073.767    110 26367.533    26380.676    26981.914
252  TVM+F+R2      13126.020    110 26472.039    26485.182    27086.420
253  TVM+F+R3      13044.033    112 26312.066    26325.704    26937.617
254  TVM+F+R4      13022.711    114 26273.421    26287.564    26910.143
255  TVM+F+R5      13011.533    116 26255.065    26269.722    26902.958
256  TVM+F+R6      13006.162    118 26248.325    26263.505    26907.388
261  SYM           14375.842    106 28963.684    28975.866    29555.723
262  SYM+I         13451.090    107 27116.181    27128.600    27713.806
263  SYM+G4        13069.472    107 26352.944    26365.363    26950.569
264  SYM+I+G4      13033.135    108 26282.270    26294.928    26885.480
265  SYM+R2        13083.174    108 26382.348    26395.006    26985.558
266  SYM+R3        13001.908    110 26223.816    26236.959    26838.197
267  SYM+R4        12983.159    112 26190.318    26203.956    26815.870
268  SYM+R5        12973.965    114 26175.930    26190.073    26812.652
269  SYM+R6        12969.505    116 26171.010    26185.667    26818.903
274  GTR+F         14367.090    109 28952.181    28965.080    29560.976
275  GTR+F+I       13448.460    110 27116.920    27130.063    27731.300
276  GTR+F+G4      13061.829    110 26343.659    26356.802    26958.040
277  GTR+F+I+G4    13025.354    111 26272.707    26286.096    26892.673
278  GTR+F+R2      13078.254    111 26378.507    26391.896    26998.473
279  GTR+F+R3      12995.007    113 26216.014    26229.903    26847.150
280  GTR+F+R4      12976.412    115 26182.825    26197.223    26825.132
281  GTR+F+R5      12967.427    117 26168.855    26183.772    26822.333
282  GTR+F+R6      12963.211    119 26164.422    26179.869    26829.071
Akaike Information Criterion:           TIM3+F+R6
Corrected Akaike Information Criterion: TIM3+F+R6
Bayesian Information Criterion:         TIM3e+R5
Best-fit model: TIM3e+R5 chosen according to BIC

All model information printed to Seqs_and_Alignments/chordata18S_MUSCLE.afa.model.gz
CPU time for ModelFinder: 134.914 seconds (0h:2m:14s)
Wall-clock time for ModelFinder: 51.681 seconds (0h:0m:51s)
Generating 1000 samples for ultrafast bootstrap (seed: 338653)...

NOTE: 9 MB RAM (0 GB) is required!
Measuring multi-threading efficiency up to 8 CPU cores
Increase to 10 rounds for branch lengths
89 trees examined
Threads: 1 / Time: 8.049 sec / Speedup: 1.000 / Efficiency: 100% / LogL: -20594
Threads: 2 / Time: 5.135 sec / Speedup: 1.568 / Efficiency: 78% / LogL: -20594
Threads: 3 / Time: 4.040 sec / Speedup: 1.992 / Efficiency: 66% / LogL: -20594
Threads: 4 / Time: 4.319 sec / Speedup: 1.864 / Efficiency: 47% / LogL: -20594
BEST NUMBER OF THREADS: 3

Estimate model parameters (epsilon = 0.100)
1. Initial log-likelihood: -13704.467
2. Current log-likelihood: -13051.232
3. Current log-likelihood: -13001.562
4. Current log-likelihood: -12989.141
5. Current log-likelihood: -12982.808
6. Current log-likelihood: -12979.818
7. Current log-likelihood: -12978.322
8. Current log-likelihood: -12977.467
9. Current log-likelihood: -12976.899
10. Current log-likelihood: -12976.444
11. Current log-likelihood: -12976.078
12. Current log-likelihood: -12975.777
13. Current log-likelihood: -12975.528
14. Current log-likelihood: -12975.318
15. Current log-likelihood: -12975.138
16. Current log-likelihood: -12974.983
17. Current log-likelihood: -12974.846
18. Current log-likelihood: -12974.725
19. Current log-likelihood: -12974.614
20. Current log-likelihood: -12974.511
Optimal log-likelihood: -12974.412
Rate parameters:  A-C: 0.77328  A-G: 1.86506  A-T: 1.00000  C-G: 0.77328  C-T: 3.47994  G-T: 1.00000
Base frequencies:  A: 0.250  C: 0.250  G: 0.250  T: 0.250
Site proportion and rates:  (0.723,0.138) (0.026,0.561) (0.079,1.732) (0.092,1.794) (0.079,7.403)
Parameters optimization took 20 rounds (1.811 sec)
Computing ML distances based on estimated model parameters... 0.050 sec
Computing BIONJ tree...
0.003 seconds
Log-likelihood of BIONJ tree: -12975.855
--------------------------------------------------------------------
|             INITIALIZING CANDIDATE TREE SET                      |
--------------------------------------------------------------------
Generating 98 parsimony trees... 0.548 second
Computing log-likelihood of 98 initial trees ... 1.210 seconds
Current best score: -12974.412

Do NNI search on 20 best initial trees
Estimate model parameters (epsilon = 0.100)
BETTER TREE FOUND at iteration 1: -12970.175
Iteration 10 / LogL: -12970.249 / Time: 0h:0m:26s
Iteration 20 / LogL: -12970.249 / Time: 0h:0m:27s
Finish initializing candidate tree set (11)
Current best tree score: -12970.175 / CPU time: 4.354
Number of iterations: 20
--------------------------------------------------------------------
|               OPTIMIZING CANDIDATE TREE SET                      |
--------------------------------------------------------------------
Iteration 30 / LogL: -12984.824 / Time: 0h:0m:29s (0h:1m:12s left)
Iteration 40 / LogL: -12970.625 / Time: 0h:0m:31s (0h:0m:48s left)
Iteration 50 / LogL: -13087.271 / Time: 0h:0m:32s (0h:0m:34s left)
Log-likelihood cutoff on original alignment: -13008.670
Iteration 60 / LogL: -12970.179 / Time: 0h:0m:34s (0h:0m:24s left)
Iteration 70 / LogL: -12983.437 / Time: 0h:0m:36s (0h:0m:16s left)
Iteration 80 / LogL: -12970.180 / Time: 0h:0m:37s (0h:0m:10s left)
Iteration 90 / LogL: -12970.178 / Time: 0h:0m:39s (0h:0m:4s left)
Iteration 100 / LogL: -13158.978 / Time: 0h:0m:41s (0h:0m:0s left)
Log-likelihood cutoff on original alignment: -13009.302
NOTE: Bootstrap correlation coefficient of split occurrence frequencies: 0.992
TREE SEARCH COMPLETED AFTER 102 ITERATIONS / Time: 0h:0m:41s

--------------------------------------------------------------------
|                    FINALIZING TREE SEARCH                        |
--------------------------------------------------------------------
Performs final model parameters optimization
Estimate model parameters (epsilon = 0.010)
1. Initial log-likelihood: -12970.175
2. Current log-likelihood: -12970.088
3. Current log-likelihood: -12970.008
4. Current log-likelihood: -12969.935
5. Current log-likelihood: -12969.873
6. Current log-likelihood: -12969.822
7. Current log-likelihood: -12969.782
8. Current log-likelihood: -12969.751
9. Current log-likelihood: -12969.726
10. Current log-likelihood: -12969.708
11. Current log-likelihood: -12969.694
12. Current log-likelihood: -12969.683
Optimal log-likelihood: -12969.675
Rate parameters:  A-C: 0.76892  A-G: 1.86950  A-T: 1.00000  C-G: 0.76892  C-T: 3.52013  G-T: 1.00000
Base frequencies:  A: 0.250  C: 0.250  G: 0.250  T: 0.250
Site proportion and rates:  (0.735,0.137) (0.016,1.215) (0.078,1.697) (0.090,1.719) (0.080,7.366)
Parameters optimization took 12 rounds (1.125 sec)
BEST SCORE FOUND : -12969.675
Creating bootstrap support values...
Split supports printed to NEXUS file Seqs_and_Alignments/chordata18S_MUSCLE.afa.splits.nex
Total tree length: 2.199

Total number of iterations: 102
CPU time used for tree search: 53.470 sec (0h:0m:53s)
Wall-clock time used for tree search: 18.453 sec (0h:0m:18s)
Total CPU time used: 110.211 sec (0h:1m:50s)
Total wall-clock time used: 43.199 sec (0h:0m:43s)

Computing bootstrap consensus tree...
Reading input file Seqs_and_Alignments/chordata18S_MUSCLE.afa.splits.nex...
52 taxa and 243 splits.
Consensus tree written to Seqs_and_Alignments/chordata18S_MUSCLE.afa.contree
Reading input trees file Seqs_and_Alignments/chordata18S_MUSCLE.afa.contree
Log-likelihood of consensus tree: -12969.750

Analysis results written to: 
  IQ-TREE report:                Seqs_and_Alignments/chordata18S_MUSCLE.afa.iqtree
  Maximum-likelihood tree:       Seqs_and_Alignments/chordata18S_MUSCLE.afa.treefile
  Likelihood distances:          Seqs_and_Alignments/chordata18S_MUSCLE.afa.mldist

Ultrafast bootstrap approximation results written to:
  Split support values:          Seqs_and_Alignments/chordata18S_MUSCLE.afa.splits.nex
  Consensus tree:                Seqs_and_Alignments/chordata18S_MUSCLE.afa.contree
  Screen log file:               Seqs_and_Alignments/chordata18S_MUSCLE.afa.log

Date and Time: Wed Feb  2 12:18:53 2022
