IQ-TREE multicore version 1.6.12 for Mac OS X 64-bit built Aug 15 2019
Developed by Bui Quang Minh, Nguyen Lam Tung, Olga Chernomor,
Heiko Schmidt, Dominik Schrempf, Michael Woodhams.

Host:    alejandros-mbp.lan (AVX2, FMA3, 16 GB RAM)
Command: ./iqtree -s Govindarajan2011_GTRIG.fa -nt AUTO -bb 1000 -m GTR+I+G
Seed:    314230 (Using SPRNG - Scalable Parallel Random Number Generator)
Time:    Fri Jan 28 13:38:47 2022
Kernel:  AVX+FMA - auto-detect threads (8 CPU cores detected)

Reading alignment file Govindarajan2011_GTRIG.fa ... Fasta format detected
Alignment most likely contains DNA/RNA sequences
WARNING: 1 sites contain only gaps or ambiguous characters.
Alignment has 62 sequences with 1931 columns, 1271 distinct patterns
657 parsimony-informative, 345 singleton sites, 929 constant sites
                                          Gap/Ambiguity  Composition  p-value
   1  AB013011.1_Pyrosoma_atlanticum              8.34%    passed     99.17%
   2  AB013012.1_Doliolum_nationalis              8.60%    passed     34.14%
   3  AB013014.1_Oikopleura_dioica               10.46%    failed      0.01%
   4  AB013017.1_Ciona_intestinalis              10.41%    passed     98.29%
   5  AB075543.1_Megalodicopia_hians              8.86%    passed     87.94%
   6  AB104873.1_Perophora_sagamiensis           12.22%    passed     86.74%
   7  AF165821.2_Chelyosoma_siboja                9.11%    passed     91.70%
   8  D14366.1_Thalia_democratica                14.14%    passed     89.08%
   9  FM244840.1_Clavelina_meridionalis          12.33%    passed     99.98%
  10  FM244841.1_Pycnoclavella_aff._detorta      11.96%    passed     97.23%
  11  FM244861.1_Doliolum_denticulatu             9.74%    passed     20.45%
  12  FM244862.1_Pyrosoma_godeauxi               18.28%    passed     93.34%
  13  FM244863.1_Pyrosomella_verticillata        10.67%    passed     95.06%
  14  FM244864.1_Cyclosalpa_quadriluminis        11.34%    passed     99.20%
  15  FM244865.1_Ihlea_racovitzai                10.36%    passed     87.97%
  16  FM244866.1_Iasis_cylindrica                18.95%    passed     92.64%
  17  FM244867.1_Salpa_thompsoni                 10.10%    passed     86.75%
  18  HQ015380.1_Pyrosomella_verticillata        10.31%    passed     97.87%
  19  HQ015376.1_Doliolum_denticulatum           14.76%    passed     18.15%
  20  HQ015377.1_Salpidae_gen._nov._sp._nov._A   12.58%    passed     92.11%
  21  HQ015378.1_Ihlea_racovitzai                10.72%    passed     90.48%
  22  HQ015379.1_Pyrostremma_spinosum            11.70%    passed     85.11%
  23  HQ015381.1_Pyrosoma_atlanticum             10.41%    passed     97.94%
  24  HQ015382.1_Pyrosomella_verticillata         9.22%    passed     99.95%
  25  HQ015383.1_Pyrosomella_verticillata        10.25%    passed     96.58%
  26  HQ015384.1_Pyrosoma_godeauxi               12.48%    passed     92.84%
  27  HQ015385.1_Pyrosoma_atlanticum             14.24%    passed     83.42%
  28  HQ015386.1_Pegea_confoederata              11.08%    passed     83.76%
  29  HQ015387.1_Pegea_confoederata               8.96%    passed     90.96%
  30  HQ015388.1_Pegea_bicaudata                  9.58%    passed     80.86%
  31  HQ015389.1_Soestia_zonaria                  9.06%    passed     34.86%
  32  HQ015390.1_Thetys_vagina                   11.91%    passed     96.24%
  33  HQ015391.1_Cyclosalpa_affinis               9.53%    passed     96.94%
  34  HQ015392.1_Cyclosalpa_affinis              11.29%    passed     99.49%
  35  HQ015393.1_Cyclosalpa_floridana            10.51%    passed     98.58%
  36  HQ015394.1_Cyclosalpa_polae                 8.80%    passed     99.12%
  37  HQ015395.1_Cyclosalpa_sewelli              12.43%    passed     97.88%
  38  HQ015396.1_Cyclosalpa_polae                12.01%    passed     98.26%
  39  HQ015397.1_Cyclosalpa_quadriluminis        15.12%    passed     98.41%
  40  HQ015398.1_Cyclosalpa_sewelli              12.22%    passed     99.33%
  41  HQ015399.1_Iasis_cylindrica                11.70%    passed     98.46%
  42  HQ015400.1_Iasis_cylindrica                 8.86%    passed     94.47%
  43  HQ015401.1_Iasis_cylindrica                11.76%    passed     99.23%
  44  HQ015402.1_Iasis_cylindrica                13.98%    passed     97.14%
  45  HQ015403.1_Brooksia_rostrata               11.19%    passed     88.74%
  46  HQ015404.1_Brooksia_rostrata               11.39%    passed     83.36%
  47  HQ015405.1_Salpa_aspera                    11.96%    passed     83.25%
  48  HQ015406.1_Salpa_thompsoni                  7.51%    passed     85.91%
  49  HQ015407.1_Salpa_maxima                     8.86%    passed     77.86%
  50  HQ015408.1_Salpa_maxima                    11.65%    passed     88.68%
  51  HQ015409.1_Salpa_fusiformis                12.12%    passed     98.61%
  52  HQ015410.1_Ritteriella_retracta            10.98%    passed     93.82%
  53  HQ015411.1_Ritteriella_retracta             9.27%    passed     78.12%
  54  HQ015412.1_Thalia_orientalis               10.36%    passed     75.69%
  55  HQ015413.1_Thalia_democratica              11.50%    passed     83.98%
  56  HQ015414.1_Thalia_democratica              10.88%    passed     72.70%
  57  HQ015415.1_Thalia_democratica               9.79%    passed     65.67%
  58  L12378.2_Ascidia_ceratodes                  7.09%    passed     51.26%
  59  L12426.2_Molgula_manhattensis               7.92%    passed      8.57%
  60  M91181.1_Echinorhinus_cookei                9.58%    passed     36.19%
  61  M97571.1_Branchiostoma_floridae             9.32%    passed     13.92%
  62  M97574.1_Myxine_glutinosa                   5.64%    failed      0.00%
****  TOTAL                                      10.94%  2 sequences failed composition chi2 test (p-value<5%; df=3)

Create initial parsimony tree by phylogenetic likelihood library (PLL)... 0.010 seconds
Generating 1000 samples for ultrafast bootstrap (seed: 314230)...

NOTE: 15 MB RAM (0 GB) is required!
Measuring multi-threading efficiency up to 8 CPU cores
Increase to 10 rounds for branch lengths
60 trees examined
Threads: 1 / Time: 8.133 sec / Speedup: 1.000 / Efficiency: 100% / LogL: -28366
Threads: 2 / Time: 4.519 sec / Speedup: 1.800 / Efficiency: 90% / LogL: -28366
Threads: 3 / Time: 3.650 sec / Speedup: 2.228 / Efficiency: 74% / LogL: -28366
Threads: 4 / Time: 6.102 sec / Speedup: 1.333 / Efficiency: 33% / LogL: -28366
BEST NUMBER OF THREADS: 3

Estimate model parameters (epsilon = 0.100)
Thoroughly optimizing +I+G parameters from 10 start values...
Init pinv, alpha: 0.000, 1.000 / Estimate: 0.000, 0.376 / LogL: -19091.665
Init pinv, alpha: 0.053, 1.000 / Estimate: 0.174, 0.514 / LogL: -19074.257
Init pinv, alpha: 0.107, 1.000 / Estimate: 0.174, 0.514 / LogL: -19074.274
Init pinv, alpha: 0.160, 1.000 / Estimate: 0.175, 0.515 / LogL: -19074.226
Init pinv, alpha: 0.214, 1.000 / Estimate: 0.211, 0.562 / LogL: -19073.678
Init pinv, alpha: 0.267, 1.000 / Estimate: 0.233, 0.595 / LogL: -19074.022
Init pinv, alpha: 0.321, 1.000 / Estimate: 0.232, 0.594 / LogL: -19073.998
Init pinv, alpha: 0.374, 1.000 / Estimate: 0.232, 0.594 / LogL: -19073.996
Init pinv, alpha: 0.428, 1.000 / Estimate: 0.232, 0.593 / LogL: -19073.995
Init pinv, alpha: 0.481, 1.000 / Estimate: 0.233, 0.595 / LogL: -19074.034
Optimal pinv,alpha: 0.211, 0.562 / LogL: -19073.678

Parameters optimization took 8.331 sec
Computing ML distances based on estimated model parameters... 0.119 sec
Computing BIONJ tree...
0.007 seconds
Log-likelihood of BIONJ tree: -19132.625
--------------------------------------------------------------------
|             INITIALIZING CANDIDATE TREE SET                      |
--------------------------------------------------------------------
Generating 98 parsimony trees... 0.924 second
Computing log-likelihood of 98 initial trees ... 1.624 seconds
Current best score: -19040.239

Do NNI search on 20 best initial trees
Estimate model parameters (epsilon = 0.100)
BETTER TREE FOUND at iteration 1: -19027.013
Iteration 10 / LogL: -19038.375 / Time: 0h:0m:34s
Iteration 20 / LogL: -19038.355 / Time: 0h:0m:36s
Finish initializing candidate tree set (8)
Current best tree score: -19027.013 / CPU time: 5.493
Number of iterations: 20
--------------------------------------------------------------------
|               OPTIMIZING CANDIDATE TREE SET                      |
--------------------------------------------------------------------
Iteration 30 / LogL: -19027.349 / Time: 0h:0m:38s (0h:1m:34s left)
Estimate model parameters (epsilon = 0.100)
BETTER TREE FOUND at iteration 38: -19026.840
Iteration 40 / LogL: -19027.100 / Time: 0h:0m:40s (0h:1m:40s left)
Iteration 50 / LogL: -19093.796 / Time: 0h:0m:41s (0h:1m:15s left)
Log-likelihood cutoff on original alignment: -19080.161
Iteration 60 / LogL: -19039.903 / Time: 0h:0m:43s (0h:0m:58s left)
Iteration 70 / LogL: -19027.110 / Time: 0h:0m:45s (0h:0m:44s left)
Iteration 80 / LogL: -19027.022 / Time: 0h:0m:47s (0h:0m:34s left)
Iteration 90 / LogL: -19027.012 / Time: 0h:0m:49s (0h:0m:26s left)
Iteration 100 / LogL: -19027.098 / Time: 0h:0m:50s (0h:0m:19s left)
Log-likelihood cutoff on original alignment: -19080.770
NOTE: Bootstrap correlation coefficient of split occurrence frequencies: 0.999
Iteration 110 / LogL: -19026.906 / Time: 0h:0m:52s (0h:0m:43s left)
Iteration 120 / LogL: -19027.039 / Time: 0h:0m:54s (0h:0m:36s left)
Iteration 130 / LogL: -19027.084 / Time: 0h:0m:56s (0h:0m:30s left)
TREE SEARCH COMPLETED AFTER 139 ITERATIONS / Time: 0h:0m:57s

--------------------------------------------------------------------
|                    FINALIZING TREE SEARCH                        |
--------------------------------------------------------------------
Performs final model parameters optimization
Estimate model parameters (epsilon = 0.010)
1. Initial log-likelihood: -19026.840
Optimal log-likelihood: -19026.832
Rate parameters:  A-C: 0.91673  A-G: 1.80654  A-T: 0.97455  C-G: 1.10975  C-T: 3.29844  G-T: 1.00000
Base frequencies:  A: 0.245  C: 0.227  G: 0.284  T: 0.244
Proportion of invariable sites: 0.207
Gamma shape alpha: 0.543
Parameters optimization took 1 rounds (0.047 sec)
BEST SCORE FOUND : -19026.832
Creating bootstrap support values...
Split supports printed to NEXUS file Govindarajan2011_GTRIG.fa.splits.nex
Total tree length: 3.039

Total number of iterations: 139
CPU time used for tree search: 77.350 sec (0h:1m:17s)
Wall-clock time used for tree search: 26.673 sec (0h:0m:26s)
Total CPU time used: 148.810 sec (0h:2m:28s)
Total wall-clock time used: 57.881 sec (0h:0m:57s)

Computing bootstrap consensus tree...
Reading input file Govindarajan2011_GTRIG.fa.splits.nex...
62 taxa and 317 splits.
Consensus tree written to Govindarajan2011_GTRIG.fa.contree
Reading input trees file Govindarajan2011_GTRIG.fa.contree
Log-likelihood of consensus tree: -19027.086

Analysis results written to: 
  IQ-TREE report:                Govindarajan2011_GTRIG.fa.iqtree
  Maximum-likelihood tree:       Govindarajan2011_GTRIG.fa.treefile
  Likelihood distances:          Govindarajan2011_GTRIG.fa.mldist

Ultrafast bootstrap approximation results written to:
  Split support values:          Govindarajan2011_GTRIG.fa.splits.nex
  Consensus tree:                Govindarajan2011_GTRIG.fa.contree
  Screen log file:               Govindarajan2011_GTRIG.fa.log

Date and Time: Fri Jan 28 13:39:45 2022
