IQ-TREE multicore version 1.6.12 for Mac OS X 64-bit built Aug 15 2019
Developed by Bui Quang Minh, Nguyen Lam Tung, Olga Chernomor,
Heiko Schmidt, Dominik Schrempf, Michael Woodhams.

Host:    alejandros-mbp.lan (AVX2, FMA3, 16 GB RAM)
Command: ./iqtree -s Seqs_and_Alignments/GovUNIONCho-AB921975Mman_MUSCLE.afa -nt AUTO -bb 1000
Seed:    942746 (Using SPRNG - Scalable Parallel Random Number Generator)
Time:    Wed Feb  2 11:44:22 2022
Kernel:  AVX+FMA - auto-detect threads (8 CPU cores detected)

Reading alignment file Seqs_and_Alignments/GovUNIONCho-AB921975Mman_MUSCLE.afa ... Fasta format detected
Alignment most likely contains DNA/RNA sequences
WARNING: 1 sites contain only gaps or ambiguous characters.
Alignment has 64 sequences with 1984 columns, 865 distinct patterns
538 parsimony-informative, 274 singleton sites, 1172 constant sites
                                          Gap/Ambiguity  Composition  p-value
   1  HQ015413.1_Thalia_democratica              12.60%    passed     75.90%
   2  AB013017.1_Ciona_intestinalis              11.49%    passed     99.52%
   3  HQ015404.1_Brooksia_rostrata               12.50%    passed     85.33%
   4  D14366.1_Thalia_democratica                15.17%    passed     87.49%
   5  FM244861.1_Doliolum_denticulatum           10.84%    passed     15.76%
   6  HQ015382.1_Pyrosomella_verticillata        10.33%    passed     99.73%
   7  HQ015397.1_Cyclosalpa_quadriluminis        16.18%    passed     99.84%
   8  FM244864.1_Cyclosalpa_quadriluminis        12.45%    passed     96.66%
   9  HQ015405.1_Salpa_aspera                    13.05%    passed     85.39%
  10  HQ015392.1_Cyclosalpa_affinis              12.40%    passed     99.55%
  11  HQ015414.1_Thalia_democratica              12.00%    passed     63.10%
  12  HQ015403.1_Brooksia_rostrata               12.30%    passed     89.27%
  13  HQ015394.1_Cyclosalpa_polae                 9.93%    passed     98.67%
  14  HQ015400.1_Iasis_cylindrica                 9.98%    passed     97.60%
  15  HQ015384.1_Pyrosoma_godeauxi               13.56%    passed     94.43%
  16  FM244865.1_Ihlea_racovitzai                11.44%    passed     80.65%
  17  HQ015390.1_Thetys_vagina                   13.05%    passed     95.82%
  18  HQ015401.1_Iasis_cylindrica                12.85%    passed     99.05%
  19  HQ015410.1_Ritteriella_retracta            12.10%    passed     91.64%
  20  M97571.1_Branchiostoma_floridae            10.48%    passed     13.95%
  21  HQ015378.1_Ihlea_racovitzai                11.79%    passed     86.34%
  22  L12426.2_Molgula_manhattensis               9.07%    passed     10.35%
  23  AJ250778.1_Ciona_intestinalis              50.71%    passed     65.16%
  24  FM244863.1_Pyrosomella_verticillata        11.79%    passed     98.85%
  25  HQ015376.1_Doliolum_denticulatum           15.83%    passed     12.47%
  26  AY903925.1_Halocynthia_igaboja             10.69%    passed     99.94%
  27  FM244866.1_Iasis_cylindrica                19.96%    passed     96.43%
  28  AB013011.1_Pyrosoma_atlanticum              9.48%    passed     99.09%
  29  HQ015383.1_Pyrosomella_verticillata        11.34%    passed     95.14%
  30  HQ015377.1_Salpidae_gen._nov._sp._nov._A   13.66%    passed     97.26%
  31  FM244867.1_Salpa_thompsoni                 11.19%    passed     86.66%
  32  HQ015409.1_Salpa_fusiformis                13.21%    passed     93.09%
  33  HQ015399.1_Iasis_cylindrica                12.80%    passed     98.39%
  34  FM244862.1_Pyrosoma_godeauxi               19.30%    passed     93.15%
  35  HQ015415.1_Thalia_democratica              10.89%    passed     56.53%
  36  AB104873.1_Perophora_sagamiensis           13.31%    passed     86.63%
  37  HQ015387.1_Pegea_confoederata              10.08%    passed     85.04%
  38  HQ015385.1_Pyrosoma_atlanticum             15.27%    passed     88.33%
  39  HQ015381.1_Pyrosoma_atlanticum             11.49%    passed     96.94%
  40  HQ015391.1_Cyclosalpa_affinis              10.64%    passed     97.53%
  41  HQ015386.1_Pegea_confoederata              12.20%    passed     80.79%
  42  HQ015408.1_Salpa_maxima                    12.75%    passed     92.67%
  43  HQ015407.1_Salpa_maxima                     9.98%    passed     82.74%
  44  HQ015380.1_Pyrosomella_verticillata        12.70%    passed     97.94%
  45  HQ015402.1_Iasis_cylindrica                15.02%    passed     99.36%
  46  AB075543.1_Megalodicopia_hians              9.98%    passed     89.18%
  47  M91181.1_Echinorhinus_cookei               10.69%    passed     34.84%
  48  AB013012.1_Doliolum_nationalis              9.73%    passed     24.65%
  49  HQ015389.1_Soestia_zonaria                 10.18%    passed     25.44%
  50  FM244841.1_Pycnoclavella_aff._detorta      13.10%    passed     96.17%
  51  M97574.1_Myxine_glutinosa                   6.85%    failed      0.00%
  52  HQ015406.1_Salpa_thompsoni                  8.67%    passed     85.63%
  53  HQ015395.1_Cyclosalpa_sewelli              13.51%    passed     98.40%
  54  HQ015379.1_Pyrostremma_spinosum            12.80%    passed     79.16%
  55  AB013014.1_Oikopleura_dioica               11.54%    failed      0.01%
  56  HQ015396.1_Cyclosalpa_polae                13.10%    passed     99.44%
  57  HQ015412.1_Thalia_orientalis               11.44%    passed     88.34%
  58  HQ015411.1_Ritteriella_retracta            10.38%    passed     85.07%
  59  AF165821.2_Chelyosoma_siboja               10.23%    passed     91.17%
  60  HQ015393.1_Cyclosalpa_floridana            11.59%    passed     99.70%
  61  HQ015388.1_Pegea_bicaudata                 10.69%    passed     91.66%
  62  FM244840.1_Clavelina_meridionalis          13.41%    passed     99.95%
  63  L12378.2_Ascidia_ceratodes                  8.22%    passed     54.54%
  64  HQ015398.1_Cyclosalpa_sewelli              13.31%    passed     99.67%
WARNING: 1 sequences contain more than 50% gaps/ambiguity
****  TOTAL                                      12.64%  2 sequences failed composition chi2 test (p-value<5%; df=3)


Create initial parsimony tree by phylogenetic likelihood library (PLL)... 0.009 seconds
NOTE: ModelFinder requires 21 MB RAM!
ModelFinder will test 286 DNA models (sample size: 1984) ...
 No. Model         -LnL         df  AIC          AICc         BIC
Measuring multi-threading efficiency up to 8 CPU cores
Increase to 10 rounds for branch lengths
219 trees examined
Threads: 1 / Time: 8.004 sec / Speedup: 1.000 / Efficiency: 100% / LogL: -32114
Threads: 2 / Time: 5.617 sec / Speedup: 1.425 / Efficiency: 71% / LogL: -32114
Threads: 3 / Time: 4.901 sec / Speedup: 1.633 / Efficiency: 54% / LogL: -32114
Threads: 4 / Time: 5.175 sec / Speedup: 1.547 / Efficiency: 39% / LogL: -32114
BEST NUMBER OF THREADS: 3

  1  JC            16159.176    125 32568.351    32585.305    33267.460
  2  JC+I          15105.628    126 30463.257    30480.491    31167.959
  3  JC+G4         14672.159    126 29596.319    29613.553    30301.020
  4  JC+I+G4       14637.583    127 29529.167    29546.684    30239.461
  5  JC+R2         14703.966    127 29661.932    29679.449    30372.227
  6  JC+R3         14610.353    129 29478.706    29496.797    30200.187
  7  JC+R4         14593.824    131 29449.647    29468.321    30182.313
  8  JC+R5         14584.188    133 29434.376    29453.643    30178.228
  9  JC+R6         14579.561    135 29429.123    29448.993    30184.160
 14  F81+F         16170.899    128 32597.798    32615.601    33313.685
 15  F81+F+I       15122.741    129 30503.482    30521.573    31224.962
 16  F81+F+G4      14690.154    129 29638.307    29656.398    30359.788
 17  F81+F+I+G4    14655.989    130 29571.978    29590.359    30299.051
 18  F81+F+R2      14721.666    130 29703.331    29721.712    30430.404
 19  F81+F+R3      14628.871    132 29521.741    29540.710    30260.000
 20  F81+F+R4      14612.962    134 29493.924    29513.491    30243.369
 21  F81+F+R5      14603.864    136 29479.728    29499.903    30240.358
 22  F81+F+R6      14599.482    138 29474.964    29495.758    30246.780
 27  K2P           15948.942    126 32149.884    32167.119    32854.586
 28  K2P+I         14889.250    127 30032.500    30050.017    30742.795
 29  K2P+G4        14434.534    127 29123.069    29140.586    29833.363
 30  K2P+I+G4      14399.307    128 29054.614    29072.417    29770.502
 31  K2P+R2        14468.840    128 29193.679    29211.482    29909.567
 32  K2P+R3        14372.929    130 29005.859    29024.240    29732.932
 33  K2P+R4        14354.016    132 28972.033    28991.002    29710.292
 34  K2P+R5        14342.934    134 28953.868    28973.435    29703.312
 35  K2P+R6        14337.551    136 28947.102    28967.278    29707.732
 40  HKY+F         15962.346    129 32182.691    32200.782    32904.172
 41  HKY+F+I       14900.161    130 30060.322    30078.703    30787.395
 42  HKY+F+G4      14442.762    130 29145.524    29163.905    29872.597
 43  HKY+F+I+G4    14407.715    131 29077.430    29096.104    29810.096
 44  HKY+F+R2      14477.575    131 29217.149    29235.823    29949.815
 45  HKY+F+R3      14382.169    133 29030.338    29049.605    29774.190
 46  HKY+F+R4      14363.300    135 28996.599    29016.469    29751.637
 47  HKY+F+R5      14352.277    137 28978.554    28999.037    29744.777
 48  HKY+F+R6      14346.969    139 28971.939    28993.045    29749.348
 53  TNe           15877.558    127 32009.117    32026.634    32719.411
 54  TNe+I         14857.321    128 29970.642    29988.445    30686.530
 55  TNe+G4        14399.680    128 29055.360    29073.162    29771.247
 56  TNe+I+G4      14367.825    129 28993.651    29011.741    29715.131
 57  TNe+R2        14434.206    129 29126.412    29144.502    29847.892
 58  TNe+R3        14340.684    131 28943.368    28962.042    29676.034
 59  TNe+R4        14323.992    133 28913.984    28933.251    29657.835
 60  TNe+R5        14314.314    135 28898.628    28918.498    29653.666
 61  TNe+R6        14309.408    137 28892.816    28913.299    29659.039
 66  TN+F          15864.521    130 31989.042    32007.423    32716.115
 67  TN+F+I        14850.515    131 29963.029    29981.703    30695.695
 68  TN+F+G4       14389.094    131 29040.189    29058.863    29772.855
 69  TN+F+I+G4     14357.334    132 28978.667    28997.636    29716.926
 70  TN+F+R2       14425.375    132 29114.750    29133.719    29853.009
 71  TN+F+R3       14330.821    134 28929.642    28949.210    29679.087
 72  TN+F+R4       14314.360    136 28900.720    28920.895    29661.350
 73  TN+F+R5       14305.111    138 28886.221    28907.015    29658.037
 74  TN+F+R6       14300.472    140 28880.944    28902.366    29663.946
 79  K3P           15948.381    127 32150.762    32168.279    32861.056
 80  K3P+I         14888.659    128 30033.317    30051.120    30749.205
 81  K3P+G4        14434.281    128 29124.562    29142.364    29840.449
 82  K3P+I+G4      14398.996    129 29055.992    29074.083    29777.473
 83  K3P+R2        14468.568    129 29195.135    29213.226    29916.615
 84  K3P+R3        14372.622    131 29007.243    29025.917    29739.909
 85  K3P+R4        14353.641    133 28973.282    28992.549    29717.134
 86  K3P+R5        14342.540    135 28955.079    28974.949    29710.117
 87  K3P+R6        14337.139    137 28948.277    28968.760    29714.500
 92  K3Pu+F        15961.673    130 32183.346    32201.727    32910.420
 93  K3Pu+F+I      14899.445    131 30060.891    30079.565    30793.557
 94  K3Pu+F+G4     14442.455    131 29146.909    29165.583    29879.575
 95  K3Pu+F+I+G4   14407.352    132 29078.704    29097.673    29816.963
 96  K3Pu+F+R2     14477.271    132 29218.542    29237.512    29956.801
 97  K3Pu+F+R3     14381.798    134 29031.596    29051.164    29781.041
 98  K3Pu+F+R4     14362.874    136 28997.749    29017.924    29758.379
 99  K3Pu+F+R5     14351.843    138 28979.687    29000.480    29751.503
100  K3Pu+F+R6     14346.480    140 28972.960    28994.382    29755.962
105  TPM2+F        15961.466    130 32182.933    32201.314    32910.006
106  TPM2+F+I      14899.723    131 30061.447    30080.121    30794.113
107  TPM2+F+G4     14442.411    131 29146.822    29165.496    29879.488
108  TPM2+F+I+G4   14407.439    132 29078.878    29097.847    29817.136
109  TPM2+F+R2     14477.420    132 29218.841    29237.810    29957.100
110  TPM2+F+R3     14382.009    134 29032.018    29051.585    29781.462
111  TPM2+F+R4     14363.064    136 28998.129    29018.304    29758.759
112  TPM2+F+R5     14352.010    138 28980.020    29000.813    29751.836
113  TPM2+F+R6     14346.608    140 28973.215    28994.637    29756.217
118  TPM2u+F       15961.468    130 32182.935    32201.316    32910.008
119  TPM2u+F+I     14899.724    131 30061.447    30080.121    30794.113
120  TPM2u+F+G4    14442.411    131 29146.822    29165.496    29879.488
121  TPM2u+F+I+G4  14407.443    132 29078.887    29097.856    29817.146
122  TPM2u+F+R2    14477.421    132 29218.841    29237.810    29957.100
123  TPM2u+F+R3    14382.008    134 29032.016    29051.584    29781.461
124  TPM2u+F+R4    14363.062    136 28998.124    29018.299    29758.754
125  TPM2u+F+R5    14352.009    138 28980.019    29000.812    29751.835
126  TPM2u+F+R6    14346.597    140 28973.193    28994.615    29756.195
131  TPM3+F        15961.958    130 32183.915    32202.296    32910.988
132  TPM3+F+I      14899.684    131 30061.369    30080.042    30794.035
133  TPM3+F+G4     14439.925    131 29141.850    29160.524    29874.516
134  TPM3+F+I+G4   14405.231    132 29074.461    29093.431    29812.720
135  TPM3+F+R2     14474.514    132 29213.027    29231.997    29951.286
136  TPM3+F+R3     14379.576    134 29027.152    29046.719    29776.597
137  TPM3+F+R4     14360.685    136 28993.370    29013.545    29754.000
138  TPM3+F+R5     14349.757    138 28975.514    28996.307    29747.330
139  TPM3+F+R6     14344.419    140 28968.837    28990.259    29751.839
144  TPM3u+F       15961.958    130 32183.917    32202.298    32910.990
145  TPM3u+F+I     14899.685    131 30061.370    30080.044    30794.036
146  TPM3u+F+G4    14439.925    131 29141.851    29160.525    29874.517
147  TPM3u+F+I+G4  14405.234    132 29074.468    29093.437    29812.727
148  TPM3u+F+R2    14474.513    132 29213.026    29231.995    29951.285
149  TPM3u+F+R3    14379.577    134 29027.154    29046.721    29776.599
150  TPM3u+F+R4    14360.684    136 28993.369    29013.544    29753.999
151  TPM3u+F+R5    14349.757    138 28975.515    28996.308    29747.331
152  TPM3u+F+R6    14344.416    140 28968.831    28990.253    29751.833
157  TIMe          15876.985    128 32009.969    32027.772    32725.857
158  TIMe+I        14856.725    129 29971.450    29989.541    30692.931
159  TIMe+G4       14399.443    129 29056.885    29074.976    29778.365
160  TIMe+I+G4     14367.585    130 28995.169    29013.550    29722.242
161  TIMe+R2       14433.991    130 29127.982    29146.363    29855.056
162  TIMe+R3       14340.368    132 28944.737    28963.706    29682.995
163  TIMe+R4       14323.625    134 28915.249    28934.816    29664.694
164  TIMe+R5       14313.910    136 28899.821    28919.996    29660.451
165  TIMe+R6       14309.012    138 28894.024    28914.818    29665.840
170  TIM+F         15863.839    131 31989.677    32008.351    32722.343
171  TIM+F+I       14849.802    132 29963.605    29982.574    30701.864
172  TIM+F+G4      14388.808    132 29041.616    29060.585    29779.875
173  TIM+F+I+G4    14357.015    133 28980.029    28999.296    29723.881
174  TIM+F+R2      14425.131    133 29116.262    29135.529    29860.114
175  TIM+F+R3      14330.449    135 28930.897    28950.767    29685.935
176  TIM+F+R4      14313.938    137 28901.876    28922.359    29668.099
177  TIM+F+R5      14304.654    139 28887.308    28908.414    29664.717
178  TIM+F+R6      14300.051    141 28882.102    28903.841    29670.697
183  TIM2e         15874.318    128 32004.635    32022.438    32720.523
184  TIM2e+I       14854.444    129 29966.888    29984.978    30688.368
185  TIM2e+G4      14399.229    129 29056.457    29074.548    29777.938
186  TIM2e+I+G4    14367.317    130 28994.634    29013.015    29721.707
187  TIM2e+R2      14433.530    130 29127.059    29145.440    29854.132
188  TIM2e+R3      14340.052    132 28944.104    28963.073    29682.363
189  TIM2e+R4      14323.372    134 28914.745    28934.312    29664.189
190  TIM2e+R5      14313.691    136 28899.382    28919.558    29660.013
191  TIM2e+R6      14308.852    138 28893.703    28914.497    29665.519
196  TIM2+F        15863.647    131 31989.294    32007.968    32721.960
197  TIM2+F+I      14850.068    132 29964.137    29983.106    30702.396
198  TIM2+F+G4     14388.872    132 29041.743    29060.712    29780.002
199  TIM2+F+I+G4   14357.123    133 28980.246    28999.513    29724.098
200  TIM2+F+R2     14425.335    133 29116.670    29135.937    29860.521
201  TIM2+F+R3     14330.696    135 28931.392    28951.262    29686.429
202  TIM2+F+R4     14314.165    137 28902.329    28922.813    29668.553
203  TIM2+F+R5     14304.827    139 28887.653    28908.760    29665.062
204  TIM2+F+R6     14300.197    141 28882.393    28904.133    29670.988
209  TIM3e         15876.270    128 32008.540    32026.342    32724.427
210  TIM3e+I       14856.007    129 29970.014    29988.105    30691.495
211  TIM3e+G4      14395.376    129 29048.752    29066.843    29770.232
212  TIM3e+I+G4    14363.786    130 28987.573    29005.954    29714.646
213  TIM3e+R2      14429.509    130 29119.017    29137.398    29846.090
214  TIM3e+R3      14336.743    132 28937.485    28956.455    29675.744
215  TIM3e+R4      14320.083    134 28908.165    28927.733    29657.610
216  TIM3e+R5      14310.452    136 28892.904    28913.079    29653.534
217  TIM3e+R6      14305.596    138 28887.192    28907.985    29659.008
222  TIM3+F        15864.116    131 31990.232    32008.906    32722.898
223  TIM3+F+I      14849.993    132 29963.985    29982.955    30702.244
224  TIM3+F+G4     14386.739    132 29037.479    29056.448    29775.738
225  TIM3+F+I+G4   14355.227    133 28976.454    28995.721    29720.305
226  TIM3+F+R2     14422.539    133 29111.078    29130.345    29854.930
227  TIM3+F+R3     14328.714    135 28927.428    28947.298    29682.466
228  TIM3+F+R4     14312.285    137 28898.571    28919.054    29664.794
229  TIM3+F+R5     14303.070    139 28884.141    28905.247    29661.550
230  TIM3+F+R6     14298.492    141 28878.985    28900.724    29667.579
235  TVMe          15943.567    129 32145.133    32163.224    32866.614
236  TVMe+I        14884.308    130 30028.616    30046.997    30755.689
237  TVMe+G4       14429.014    130 29118.027    29136.408    29845.100
238  TVMe+I+G4     14394.036    131 29050.073    29068.747    29782.739
239  TVMe+R2       14462.898    131 29187.796    29206.470    29920.462
240  TVMe+R3       14367.490    133 29000.980    29020.247    29744.832
241  TVMe+R4       14348.541    135 28967.082    28986.952    29722.120
242  TVMe+R5       14337.611    137 28949.223    28969.706    29715.446
243  TVMe+R6       14332.276    139 28942.552    28963.658    29719.961
248  TVM+F         15960.191    132 32184.382    32203.352    32922.641
249  TVM+F+I       14898.327    133 30062.654    30081.921    30806.506
250  TVM+F+G4      14439.062    133 29144.123    29163.390    29887.975
251  TVM+F+I+G4    14404.381    134 29076.762    29096.329    29826.206
252  TVM+F+R2      14473.859    134 29215.717    29235.285    29965.162
253  TVM+F+R3      14378.867    136 29029.733    29049.909    29790.363
254  TVM+F+R4      14359.903    138 28995.806    29016.600    29767.622
255  TVM+F+R5      14348.941    140 28977.881    28999.303    29760.883
256  TVM+F+R6      14343.584    142 28971.169    28993.228    29765.356
261  SYM           15872.121    130 32004.241    32022.623    32731.315
262  SYM+I         14852.236    131 29966.472    29985.146    30699.138
263  SYM+G4        14394.482    131 29050.963    29069.637    29783.629
264  SYM+I+G4      14362.850    132 28989.699    29008.669    29727.958
265  SYM+R2        14428.339    132 29120.678    29139.647    29858.937
266  SYM+R3        14335.643    134 28939.287    28958.854    29688.731
267  SYM+R4        14319.013    136 28910.026    28930.201    29670.656
268  SYM+R5        14309.401    138 28894.801    28915.595    29666.617
269  SYM+R6        14304.595    140 28889.189    28910.611    29672.191
274  GTR+F         15862.333    133 31990.666    32009.933    32734.518
275  GTR+F+I       14848.628    134 29965.257    29984.824    30714.701
276  GTR+F+G4      14386.078    134 29040.157    29059.724    29789.601
277  GTR+F+I+G4    14354.547    135 28979.094    28998.964    29734.131
278  GTR+F+R2      14422.072    135 29114.145    29134.015    29869.182
279  GTR+F+R3      14328.077    137 28930.154    28950.637    29696.377
280  GTR+F+R4      14311.588    139 28901.176    28922.283    29678.585
281  GTR+F+R5      14302.300    141 28886.600    28908.340    29675.195
282  GTR+F+R6      14297.710    143 28881.420    28903.802    29681.200
Akaike Information Criterion:           TIM3+F+R6
Corrected Akaike Information Criterion: TIM3+F+R6
Bayesian Information Criterion:         TIM3e+R5
Best-fit model: TIM3e+R5 chosen according to BIC

All model information printed to Seqs_and_Alignments/GovUNIONCho-AB921975Mman_MUSCLE.afa.model.gz
CPU time for ModelFinder: 152.813 seconds (0h:2m:32s)
Wall-clock time for ModelFinder: 57.103 seconds (0h:0m:57s)
Generating 1000 samples for ultrafast bootstrap (seed: 942746)...

NOTE: 12 MB RAM (0 GB) is required!
Measuring multi-threading efficiency up to 8 CPU cores
Increase to 10 rounds for branch lengths
69 trees examined
Threads: 1 / Time: 8.046 sec / Speedup: 1.000 / Efficiency: 100% / LogL: -26319
Threads: 2 / Time: 5.416 sec / Speedup: 1.485 / Efficiency: 74% / LogL: -26319
Threads: 3 / Time: 4.965 sec / Speedup: 1.621 / Efficiency: 54% / LogL: -26319
Threads: 4 / Time: 4.976 sec / Speedup: 1.617 / Efficiency: 40% / LogL: -26319
BEST NUMBER OF THREADS: 3

Estimate model parameters (epsilon = 0.100)
1. Initial log-likelihood: -15051.333
2. Current log-likelihood: -14374.253
3. Current log-likelihood: -14329.835
4. Current log-likelihood: -14321.636
5. Current log-likelihood: -14317.635
6. Current log-likelihood: -14315.766
7. Current log-likelihood: -14314.873
8. Current log-likelihood: -14314.255
9. Current log-likelihood: -14313.779
10. Current log-likelihood: -14313.317
11. Current log-likelihood: -14312.863
12. Current log-likelihood: -14312.430
13. Current log-likelihood: -14312.038
14. Current log-likelihood: -14311.710
15. Current log-likelihood: -14311.452
16. Current log-likelihood: -14311.259
17. Current log-likelihood: -14311.116
18. Current log-likelihood: -14311.009
Optimal log-likelihood: -14310.926
Rate parameters:  A-C: 0.79179  A-G: 1.82800  A-T: 1.00000  C-G: 0.79179  C-T: 3.34127  G-T: 1.00000
Base frequencies:  A: 0.250  C: 0.250  G: 0.250  T: 0.250
Site proportion and rates:  (0.703,0.135) (0.062,0.990) (0.077,1.270) (0.079,2.373) (0.080,7.039)
Parameters optimization took 18 rounds (2.556 sec)
Computing ML distances based on estimated model parameters... 0.073 sec
Computing BIONJ tree...
0.005 seconds
Log-likelihood of BIONJ tree: -14360.660
--------------------------------------------------------------------
|             INITIALIZING CANDIDATE TREE SET                      |
--------------------------------------------------------------------
Generating 98 parsimony trees... 0.772 second
Computing log-likelihood of 98 initial trees ... 1.761 seconds
Current best score: -14310.168

Do NNI search on 20 best initial trees
Estimate model parameters (epsilon = 0.100)
BETTER TREE FOUND at iteration 1: -14301.115
BETTER TREE FOUND at iteration 3: -14301.113
BETTER TREE FOUND at iteration 9: -14301.112
Iteration 10 / LogL: -14301.113 / Time: 0h:0m:31s
Estimate model parameters (epsilon = 0.100)
UPDATE BEST LOG-LIKELIHOOD: -14300.992
Iteration 20 / LogL: -14301.070 / Time: 0h:0m:33s
Finish initializing candidate tree set (15)
Current best tree score: -14300.992 / CPU time: 7.771
Number of iterations: 20
--------------------------------------------------------------------
|               OPTIMIZING CANDIDATE TREE SET                      |
--------------------------------------------------------------------
Iteration 30 / LogL: -14301.909 / Time: 0h:0m:36s (0h:1m:39s left)
Iteration 40 / LogL: -14301.073 / Time: 0h:0m:38s (0h:1m:8s left)
UPDATE BEST LOG-LIKELIHOOD: -14300.991
Iteration 50 / LogL: -14301.569 / Time: 0h:0m:41s (0h:0m:50s left)
Log-likelihood cutoff on original alignment: -14340.777
Iteration 60 / LogL: -14301.496 / Time: 0h:0m:44s (0h:0m:37s left)
Iteration 70 / LogL: -14300.997 / Time: 0h:0m:47s (0h:0m:26s left)
Iteration 80 / LogL: -14300.997 / Time: 0h:0m:50s (0h:0m:18s left)
Iteration 90 / LogL: -14300.992 / Time: 0h:0m:52s (0h:0m:11s left)
Iteration 100 / LogL: -14301.003 / Time: 0h:0m:55s (0h:0m:5s left)
Log-likelihood cutoff on original alignment: -14340.358
NOTE: Bootstrap correlation coefficient of split occurrence frequencies: 0.996
Iteration 110 / LogL: -14300.995 / Time: 0h:0m:57s (0h:0m:47s left)
TREE SEARCH COMPLETED AFTER 110 ITERATIONS / Time: 0h:0m:57s

--------------------------------------------------------------------
|                    FINALIZING TREE SEARCH                        |
--------------------------------------------------------------------
Performs final model parameters optimization
Estimate model parameters (epsilon = 0.010)
1. Initial log-likelihood: -14300.991
2. Current log-likelihood: -14300.963
3. Current log-likelihood: -14300.945
4. Current log-likelihood: -14300.930
5. Current log-likelihood: -14300.918
Optimal log-likelihood: -14300.909
Rate parameters:  A-C: 0.77445  A-G: 1.82717  A-T: 1.00000  C-G: 0.77445  C-T: 3.32055  G-T: 1.00000
Base frequencies:  A: 0.250  C: 0.250  G: 0.250  T: 0.250
Site proportion and rates:  (0.710,0.139) (0.063,1.167) (0.079,1.236) (0.073,2.597) (0.075,7.251)
Parameters optimization took 5 rounds (0.541 sec)
BEST SCORE FOUND : -14300.909
Creating bootstrap support values...
Split supports printed to NEXUS file Seqs_and_Alignments/GovUNIONCho-AB921975Mman_MUSCLE.afa.splits.nex
Total tree length: 2.275

Total number of iterations: 110
CPU time used for tree search: 90.011 sec (0h:1m:30s)
Wall-clock time used for tree search: 31.885 sec (0h:0m:31s)
Total CPU time used: 152.468 sec (0h:2m:32s)
Total wall-clock time used: 58.712 sec (0h:0m:58s)

Computing bootstrap consensus tree...
Reading input file Seqs_and_Alignments/GovUNIONCho-AB921975Mman_MUSCLE.afa.splits.nex...
64 taxa and 329 splits.
Consensus tree written to Seqs_and_Alignments/GovUNIONCho-AB921975Mman_MUSCLE.afa.contree
Reading input trees file Seqs_and_Alignments/GovUNIONCho-AB921975Mman_MUSCLE.afa.contree
Log-likelihood of consensus tree: -14300.991

Analysis results written to: 
  IQ-TREE report:                Seqs_and_Alignments/GovUNIONCho-AB921975Mman_MUSCLE.afa.iqtree
  Maximum-likelihood tree:       Seqs_and_Alignments/GovUNIONCho-AB921975Mman_MUSCLE.afa.treefile
  Likelihood distances:          Seqs_and_Alignments/GovUNIONCho-AB921975Mman_MUSCLE.afa.mldist

Ultrafast bootstrap approximation results written to:
  Split support values:          Seqs_and_Alignments/GovUNIONCho-AB921975Mman_MUSCLE.afa.splits.nex
  Consensus tree:                Seqs_and_Alignments/GovUNIONCho-AB921975Mman_MUSCLE.afa.contree
  Screen log file:               Seqs_and_Alignments/GovUNIONCho-AB921975Mman_MUSCLE.afa.log

Date and Time: Wed Feb  2 11:46:18 2022
