IQ-TREE multicore version 1.6.12 for Mac OS X 64-bit built Aug 15 2019
Developed by Bui Quang Minh, Nguyen Lam Tung, Olga Chernomor,
Heiko Schmidt, Dominik Schrempf, Michael Woodhams.

Host:    dyn-10-108-52-99.wless.uoregon.edu (AVX2, FMA3, 16 GB RAM)
Command: ./iqtree -s Seqs_and_Alignments/GovUNIONCho-AJ250778Cint_MUSCLE.afa-gb -nt AUTO -bb 1000 -m GTR+I+G
Seed:    464212 (Using SPRNG - Scalable Parallel Random Number Generator)
Time:    Fri Feb  4 13:29:14 2022
Kernel:  AVX+FMA - auto-detect threads (8 CPU cores detected)

Reading alignment file Seqs_and_Alignments/GovUNIONCho-AJ250778Cint_MUSCLE.afa-gb ... Fasta format detected
Alignment most likely contains DNA/RNA sequences
Alignment has 64 sequences with 735 columns, 205 distinct patterns
162 parsimony-informative, 96 singleton sites, 477 constant sites
                                          Gap/Ambiguity  Composition  p-value
   1  HQ015414.1_Thalia_democratica               0.00%    passed     94.33%
   2  FM244841.1_Pycnoclavella_aff._detorta       0.00%    passed     95.95%
   3  FM244866.1_Iasis_cylindrica                 0.00%    passed     99.82%
   4  L12426.2_Molgula_manhattensis               0.00%    passed     98.81%
   5  HQ015376.1_Doliolum_denticulatum            0.00%    passed     41.33%
   6  HQ015382.1_Pyrosomella_verticillata         0.00%    passed     99.91%
   7  HQ015403.1_Brooksia_rostrata                0.00%    passed     91.15%
   8  AB921975.1_Molgula_manhattensis             0.00%    passed     97.92%
   9  HQ015406.1_Salpa_thompsoni                  0.00%    passed     96.42%
  10  HQ015395.1_Cyclosalpa_sewelli               0.00%    passed     98.61%
  11  D14366.1_Thalia_democratica                 0.00%    passed     94.33%
  12  HQ015412.1_Thalia_orientalis                0.00%    passed     96.84%
  13  HQ015397.1_Cyclosalpa_quadriluminis         0.00%    passed     98.61%
  14  HQ015410.1_Ritteriella_retracta             0.00%    passed     97.08%
  15  HQ015384.1_Pyrosoma_godeauxi                0.00%    passed     99.62%
  16  M97571.1_Branchiostoma_floridae             0.00%    passed     31.34%
  17  L12378.2_Ascidia_ceratodes                  0.00%    passed     93.95%
  18  HQ015411.1_Ritteriella_retracta             0.00%    passed     97.08%
  19  HQ015407.1_Salpa_maxima                     0.00%    passed     96.84%
  20  HQ015378.1_Ihlea_racovitzai                 0.27%    passed     97.98%
  21  HQ015377.1_Salpidae_gen._nov._sp._nov._A    0.00%    passed     98.64%
  22  AB013012.1_Doliolum_nationalis              0.00%    passed     41.33%
  23  AB013017.1_Ciona_intestinalis               0.00%    passed     95.77%
  24  FM244863.1_Pyrosomella_verticillata         0.00%    passed     99.91%
  25  M91181.1_Echinorhinus_cookei                0.00%    passed     57.98%
  26  HQ015401.1_Iasis_cylindrica                 0.00%    passed     99.82%
  27  HQ015415.1_Thalia_democratica               0.00%    passed     94.33%
  28  AB013011.1_Pyrosoma_atlanticum              0.00%    passed     99.02%
  29  HQ015383.1_Pyrosomella_verticillata         0.00%    passed     99.62%
  30  HQ015389.1_Soestia_zonaria                  0.00%    passed     95.44%
  31  HQ015408.1_Salpa_maxima                     0.00%    passed     96.84%
  32  HQ015405.1_Salpa_aspera                     0.00%    passed     87.81%
  33  HQ015400.1_Iasis_cylindrica                 0.00%    passed     99.82%
  34  FM244862.1_Pyrosoma_godeauxi                0.00%    passed     99.62%
  35  FM244864.1_Cyclosalpa_quadriluminis         0.00%    passed     97.65%
  36  AB104873.1_Perophora_sagamiensis            0.00%    passed     99.03%
  37  AY903925.1_Halocynthia_igaboja              0.00%    passed     99.13%
  38  HQ015385.1_Pyrosoma_atlanticum              0.00%    passed     99.62%
  39  HQ015381.1_Pyrosoma_atlanticum              0.00%    passed     99.91%
  40  HQ015396.1_Cyclosalpa_polae                 0.00%    passed     98.61%
  41  HQ015388.1_Pegea_bicaudata                  0.14%    passed     89.93%
  42  HQ015391.1_Cyclosalpa_affinis               0.00%    passed     99.41%
  43  FM244867.1_Salpa_thompsoni                  0.00%    passed     96.42%
  44  HQ015380.1_Pyrosomella_verticillata         0.00%    passed     99.91%
  45  HQ015409.1_Salpa_fusiformis                 0.00%    passed     96.84%
  46  AB075543.1_Megalodicopia_hians              0.00%    passed     95.95%
  47  FM244865.1_Ihlea_racovitzai                 0.00%    passed     97.65%
  48  FM244861.1_Doliolum_denticulatum            0.00%    passed     41.33%
  49  HQ015386.1_Pegea_confoederata               0.00%    passed     85.23%
  50  HQ015390.1_Thetys_vagina                    1.22%    passed     99.62%
  51  M97574.1_Myxine_glutinosa                   0.00%    failed      0.14%
  52  HQ015398.1_Cyclosalpa_sewelli               0.00%    passed     98.61%
  53  HQ015393.1_Cyclosalpa_floridana             0.00%    passed     98.61%
  54  HQ015379.1_Pyrostremma_spinosum             0.00%    passed     99.00%
  55  AB013014.1_Oikopleura_dioica                0.00%    passed     37.41%
  56  HQ015394.1_Cyclosalpa_polae                 0.00%    passed     98.61%
  57  HQ015413.1_Thalia_democratica               0.27%    passed     92.18%
  58  HQ015402.1_Iasis_cylindrica                 0.00%    passed     99.82%
  59  AF165821.2_Chelyosoma_siboja                0.00%    passed     95.95%
  60  HQ015404.1_Brooksia_rostrata                0.00%    passed     91.15%
  61  HQ015387.1_Pegea_confoederata               0.00%    passed     89.40%
  62  FM244840.1_Clavelina_meridionalis           0.00%    passed     98.09%
  63  HQ015399.1_Iasis_cylindrica                 0.00%    passed     99.44%
  64  HQ015392.1_Cyclosalpa_affinis               0.00%    passed     99.27%
****  TOTAL                                       0.03%  1 sequences failed composition chi2 test (p-value<5%; df=3)
NOTE: D14366.1_Thalia_democratica is identical to HQ015414.1_Thalia_democratica but kept for subsequent analysis
NOTE: HQ015401.1_Iasis_cylindrica is identical to FM244866.1_Iasis_cylindrica but kept for subsequent analysis
NOTE: AB013012.1_Doliolum_nationalis is identical to HQ015376.1_Doliolum_denticulatum but kept for subsequent analysis
NOTE: FM244863.1_Pyrosomella_verticillata is identical to HQ015382.1_Pyrosomella_verticillata but kept for subsequent analysis
NOTE: HQ015404.1_Brooksia_rostrata is identical to HQ015403.1_Brooksia_rostrata but kept for subsequent analysis
NOTE: FM244867.1_Salpa_thompsoni is identical to HQ015406.1_Salpa_thompsoni but kept for subsequent analysis
NOTE: HQ015397.1_Cyclosalpa_quadriluminis is identical to HQ015395.1_Cyclosalpa_sewelli but kept for subsequent analysis
NOTE: HQ015411.1_Ritteriella_retracta is identical to HQ015410.1_Ritteriella_retracta but kept for subsequent analysis
NOTE: HQ015383.1_Pyrosomella_verticillata is identical to HQ015384.1_Pyrosoma_godeauxi but kept for subsequent analysis
NOTE: HQ015408.1_Salpa_maxima is identical to HQ015407.1_Salpa_maxima but kept for subsequent analysis
NOTE: 12 identical sequences (see below) will be ignored for subsequent analysis
NOTE: HQ015415.1_Thalia_democratica (identical to HQ015414.1_Thalia_democratica) is ignored but added at the end
NOTE: HQ015400.1_Iasis_cylindrica (identical to FM244866.1_Iasis_cylindrica) is ignored but added at the end
NOTE: HQ015402.1_Iasis_cylindrica (identical to FM244866.1_Iasis_cylindrica) is ignored but added at the end
NOTE: FM244861.1_Doliolum_denticulatum (identical to HQ015376.1_Doliolum_denticulatum) is ignored but added at the end
NOTE: HQ015381.1_Pyrosoma_atlanticum (identical to HQ015382.1_Pyrosomella_verticillata) is ignored but added at the end
NOTE: HQ015380.1_Pyrosomella_verticillata (identical to HQ015382.1_Pyrosomella_verticillata) is ignored but added at the end
NOTE: HQ015396.1_Cyclosalpa_polae (identical to HQ015395.1_Cyclosalpa_sewelli) is ignored but added at the end
NOTE: HQ015398.1_Cyclosalpa_sewelli (identical to HQ015395.1_Cyclosalpa_sewelli) is ignored but added at the end
NOTE: HQ015394.1_Cyclosalpa_polae (identical to HQ015395.1_Cyclosalpa_sewelli) is ignored but added at the end
NOTE: FM244862.1_Pyrosoma_godeauxi (identical to HQ015384.1_Pyrosoma_godeauxi) is ignored but added at the end
NOTE: HQ015385.1_Pyrosoma_atlanticum (identical to HQ015384.1_Pyrosoma_godeauxi) is ignored but added at the end
NOTE: HQ015409.1_Salpa_fusiformis (identical to HQ015407.1_Salpa_maxima) is ignored but added at the end

For your convenience alignment with unique sequences printed to Seqs_and_Alignments/GovUNIONCho-AJ250778Cint_MUSCLE.afa-gb.uniqueseq.phy

Create initial parsimony tree by phylogenetic likelihood library (PLL)... 0.003 seconds
Generating 1000 samples for ultrafast bootstrap (seed: 464212)...

NOTE: 2 MB RAM (0 GB) is required!
Measuring multi-threading efficiency up to 8 CPU cores
Increase to 10 rounds for branch lengths
354 trees examined
Threads: 1 / Time: 8.003 sec / Speedup: 1.000 / Efficiency: 100% / LogL: -6550
Threads: 2 / Time: 5.501 sec / Speedup: 1.455 / Efficiency: 73% / LogL: -6550
Threads: 3 / Time: 5.003 sec / Speedup: 1.600 / Efficiency: 53% / LogL: -6550
Threads: 4 / Time: 5.971 sec / Speedup: 1.340 / Efficiency: 34% / LogL: -6550
BEST NUMBER OF THREADS: 3

Estimate model parameters (epsilon = 0.100)
Thoroughly optimizing +I+G parameters from 10 start values...
Init pinv, alpha: 0.000, 1.000 / Estimate: 0.000, 0.267 / LogL: -4064.455
Init pinv, alpha: 0.072, 1.000 / Estimate: 0.377, 0.470 / LogL: -4044.260
Init pinv, alpha: 0.144, 1.000 / Estimate: 0.378, 0.471 / LogL: -4044.249
Init pinv, alpha: 0.216, 1.000 / Estimate: 0.380, 0.474 / LogL: -4044.219
Init pinv, alpha: 0.288, 1.000 / Estimate: 0.380, 0.474 / LogL: -4044.221
Init pinv, alpha: 0.361, 1.000 / Estimate: 0.378, 0.473 / LogL: -4044.260
Init pinv, alpha: 0.433, 1.000 / Estimate: 0.423, 0.541 / LogL: -4043.948
Init pinv, alpha: 0.505, 1.000 / Estimate: 0.445, 0.575 / LogL: -4044.109
Init pinv, alpha: 0.577, 1.000 / Estimate: 0.449, 0.581 / LogL: -4044.171
Init pinv, alpha: 0.649, 1.000 / Estimate: 0.449, 0.581 / LogL: -4044.185
Optimal pinv,alpha: 0.423, 0.541 / LogL: -4043.948

Parameters optimization took 0.852 sec
Computing ML distances based on estimated model parameters... 0.019 sec
Computing BIONJ tree...
0.003 seconds
Log-likelihood of BIONJ tree: -4057.040
--------------------------------------------------------------------
|             INITIALIZING CANDIDATE TREE SET                      |
--------------------------------------------------------------------
Generating 98 parsimony trees... 0.339 second
Computing log-likelihood of 98 initial trees ... 0.402 seconds
Current best score: -4039.561

Do NNI search on 20 best initial trees
Estimate model parameters (epsilon = 0.100)
BETTER TREE FOUND at iteration 1: -4037.083
Estimate model parameters (epsilon = 0.100)
BETTER TREE FOUND at iteration 2: -4036.824
Iteration 10 / LogL: -4038.584 / Time: 0h:0m:26s
Iteration 20 / LogL: -4038.342 / Time: 0h:0m:27s
Finish initializing candidate tree set (8)
Current best tree score: -4036.824 / CPU time: 1.734
Number of iterations: 20
--------------------------------------------------------------------
|               OPTIMIZING CANDIDATE TREE SET                      |
--------------------------------------------------------------------
Iteration 30 / LogL: -4037.095 / Time: 0h:0m:27s (0h:1m:9s left)
Iteration 40 / LogL: -4037.697 / Time: 0h:0m:28s (0h:0m:45s left)
UPDATE BEST LOG-LIKELIHOOD: -4036.824
Iteration 50 / LogL: -4037.093 / Time: 0h:0m:29s (0h:0m:31s left)
Log-likelihood cutoff on original alignment: -4062.784
Iteration 60 / LogL: -4036.827 / Time: 0h:0m:30s (0h:0m:21s left)
Iteration 70 / LogL: -4037.677 / Time: 0h:0m:30s (0h:0m:14s left)
Iteration 80 / LogL: -4037.683 / Time: 0h:0m:31s (0h:0m:8s left)
UPDATE BEST LOG-LIKELIHOOD: -4036.823
Iteration 90 / LogL: -4037.094 / Time: 0h:0m:32s (0h:0m:4s left)
Iteration 100 / LogL: -4037.682 / Time: 0h:0m:33s (0h:0m:0s left)
Log-likelihood cutoff on original alignment: -4064.551
NOTE: Bootstrap correlation coefficient of split occurrence frequencies: 0.996
BETTER TREE FOUND at iteration 103: -4036.823
Iteration 110 / LogL: -4037.411 / Time: 0h:0m:34s (0h:0m:29s left)
Iteration 120 / LogL: -4037.354 / Time: 0h:0m:34s (0h:0m:24s left)
Iteration 130 / LogL: -4037.423 / Time: 0h:0m:35s (0h:0m:20s left)
Iteration 140 / LogL: -4045.393 / Time: 0h:0m:36s (0h:0m:16s left)
Iteration 150 / LogL: -4037.611 / Time: 0h:0m:37s (0h:0m:13s left)
Log-likelihood cutoff on original alignment: -4064.551
Iteration 160 / LogL: -4037.357 / Time: 0h:0m:37s (0h:0m:10s left)
Iteration 170 / LogL: -4036.832 / Time: 0h:0m:38s (0h:0m:7s left)
Iteration 180 / LogL: -4040.875 / Time: 0h:0m:39s (0h:0m:5s left)
Iteration 190 / LogL: -4037.352 / Time: 0h:0m:40s (0h:0m:2s left)
UPDATE BEST LOG-LIKELIHOOD: -4036.822
Iteration 200 / LogL: -4037.095 / Time: 0h:0m:41s (0h:0m:0s left)
Log-likelihood cutoff on original alignment: -4064.731
NOTE: Bootstrap correlation coefficient of split occurrence frequencies: 0.998
TREE SEARCH COMPLETED AFTER 204 ITERATIONS / Time: 0h:0m:41s

--------------------------------------------------------------------
|                    FINALIZING TREE SEARCH                        |
--------------------------------------------------------------------
Performs final model parameters optimization
Estimate model parameters (epsilon = 0.010)
1. Initial log-likelihood: -4036.822
Optimal log-likelihood: -4036.819
Rate parameters:  A-C: 1.19430  A-G: 2.45403  A-T: 0.94130  C-G: 1.11320  C-T: 6.18038  G-T: 1.00000
Base frequencies:  A: 0.252  C: 0.200  G: 0.293  T: 0.254
Proportion of invariable sites: 0.422
Gamma shape alpha: 0.538
Parameters optimization took 1 rounds (0.006 sec)
BEST SCORE FOUND : -4036.819
Creating bootstrap support values...
Split supports printed to NEXUS file Seqs_and_Alignments/GovUNIONCho-AJ250778Cint_MUSCLE.afa-gb.splits.nex
Total tree length: 1.464

Total number of iterations: 204
CPU time used for tree search: 47.608 sec (0h:0m:47s)
Wall-clock time used for tree search: 16.185 sec (0h:0m:16s)
Total CPU time used: 109.292 sec (0h:1m:49s)
Total wall-clock time used: 41.753 sec (0h:0m:41s)

Computing bootstrap consensus tree...
Reading input file Seqs_and_Alignments/GovUNIONCho-AJ250778Cint_MUSCLE.afa-gb.splits.nex...
52 taxa and 362 splits.
Consensus tree written to Seqs_and_Alignments/GovUNIONCho-AJ250778Cint_MUSCLE.afa-gb.contree
Reading input trees file Seqs_and_Alignments/GovUNIONCho-AJ250778Cint_MUSCLE.afa-gb.contree
Log-likelihood of consensus tree: -4037.086

Analysis results written to: 
  IQ-TREE report:                Seqs_and_Alignments/GovUNIONCho-AJ250778Cint_MUSCLE.afa-gb.iqtree
  Maximum-likelihood tree:       Seqs_and_Alignments/GovUNIONCho-AJ250778Cint_MUSCLE.afa-gb.treefile
  Likelihood distances:          Seqs_and_Alignments/GovUNIONCho-AJ250778Cint_MUSCLE.afa-gb.mldist

Ultrafast bootstrap approximation results written to:
  Split support values:          Seqs_and_Alignments/GovUNIONCho-AJ250778Cint_MUSCLE.afa-gb.splits.nex
  Consensus tree:                Seqs_and_Alignments/GovUNIONCho-AJ250778Cint_MUSCLE.afa-gb.contree
  Screen log file:               Seqs_and_Alignments/GovUNIONCho-AJ250778Cint_MUSCLE.afa-gb.log

Date and Time: Fri Feb  4 13:29:56 2022
