IQ-TREE multicore version 1.6.12 for Mac OS X 64-bit built Aug 15 2019
Developed by Bui Quang Minh, Nguyen Lam Tung, Olga Chernomor,
Heiko Schmidt, Dominik Schrempf, Michael Woodhams.

Host:    alejandros-mbp.lan (AVX2, FMA3, 16 GB RAM)
Command: ./iqtree -s ./Seqs_and_Alignments/GovUNIONCho-AB921975Mman_MUSCLE.afa-gb -nt AUTO -bb 1000 -m GTR+I+G
Seed:    741318 (Using SPRNG - Scalable Parallel Random Number Generator)
Time:    Wed Feb  2 12:46:50 2022
Kernel:  AVX+FMA - auto-detect threads (8 CPU cores detected)

Reading alignment file ./Seqs_and_Alignments/GovUNIONCho-AB921975Mman_MUSCLE.afa-gb ... Fasta format detected
Alignment most likely contains DNA/RNA sequences
Alignment has 64 sequences with 859 columns, 247 distinct patterns
190 parsimony-informative, 129 singleton sites, 540 constant sites
                                          Gap/Ambiguity  Composition  p-value
   1  HQ015413.1_Thalia_democratica               0.23%    passed     94.90%
   2  AB013017.1_Ciona_intestinalis               0.00%    passed     94.80%
   3  HQ015404.1_Brooksia_rostrata                0.00%    passed     96.03%
   4  D14366.1_Thalia_democratica                 0.00%    passed     96.38%
   5  FM244861.1_Doliolum_denticulatum            0.00%    passed     38.20%
   6  HQ015382.1_Pyrosomella_verticillata         0.00%    passed     99.80%
   7  HQ015397.1_Cyclosalpa_quadriluminis         0.00%    passed     99.08%
   8  FM244864.1_Cyclosalpa_quadriluminis         0.00%    passed     98.63%
   9  HQ015405.1_Salpa_aspera                     0.00%    passed     92.16%
  10  HQ015392.1_Cyclosalpa_affinis               0.00%    passed     99.75%
  11  HQ015414.1_Thalia_democratica               0.00%    passed     96.38%
  12  HQ015403.1_Brooksia_rostrata                0.00%    passed     96.03%
  13  HQ015394.1_Cyclosalpa_polae                 0.00%    passed     99.08%
  14  HQ015400.1_Iasis_cylindrica                 0.00%    passed     99.51%
  15  HQ015384.1_Pyrosoma_godeauxi                0.00%    passed     99.41%
  16  FM244865.1_Ihlea_racovitzai                 0.00%    passed     94.98%
  17  HQ015390.1_Thetys_vagina                    1.05%    passed     98.78%
  18  HQ015401.1_Iasis_cylindrica                 0.00%    passed     99.51%
  19  HQ015410.1_Ritteriella_retracta             0.00%    passed     98.52%
  20  M97571.1_Branchiostoma_floridae             0.00%    passed     32.05%
  21  HQ015378.1_Ihlea_racovitzai                 0.23%    passed     95.21%
  22  L12426.2_Molgula_manhattensis               0.00%    passed     83.14%
  23  AJ250778.1_Ciona_intestinalis               0.00%    passed     99.52%
  24  FM244863.1_Pyrosomella_verticillata         0.00%    passed     99.80%
  25  HQ015376.1_Doliolum_denticulatum            0.00%    passed     38.20%
  26  AY903925.1_Halocynthia_igaboja              0.00%    passed     97.57%
  27  FM244866.1_Iasis_cylindrica                 0.00%    passed     99.52%
  28  AB013011.1_Pyrosoma_atlanticum              0.00%    passed     99.07%
  29  HQ015383.1_Pyrosomella_verticillata         0.00%    passed     99.41%
  30  HQ015377.1_Salpidae_gen._nov._sp._nov._A    0.00%    passed     97.48%
  31  FM244867.1_Salpa_thompsoni                  0.00%    passed     97.85%
  32  HQ015409.1_Salpa_fusiformis                 0.00%    passed     98.09%
  33  HQ015399.1_Iasis_cylindrica                 0.00%    passed     98.88%
  34  FM244862.1_Pyrosoma_godeauxi                0.00%    passed     99.41%
  35  HQ015415.1_Thalia_democratica               0.00%    passed     96.38%
  36  AB104873.1_Perophora_sagamiensis            0.00%    passed     98.89%
  37  HQ015387.1_Pegea_confoederata               0.00%    passed     87.02%
  38  HQ015385.1_Pyrosoma_atlanticum              0.00%    passed     99.41%
  39  HQ015381.1_Pyrosoma_atlanticum              0.00%    passed     99.80%
  40  HQ015391.1_Cyclosalpa_affinis               0.00%    passed     99.75%
  41  HQ015386.1_Pegea_confoederata               0.00%    passed     83.39%
  42  HQ015408.1_Salpa_maxima                     0.00%    passed     98.09%
  43  HQ015407.1_Salpa_maxima                     0.00%    passed     98.09%
  44  HQ015380.1_Pyrosomella_verticillata         0.00%    passed     99.80%
  45  HQ015402.1_Iasis_cylindrica                 0.00%    passed     99.51%
  46  AB075543.1_Megalodicopia_hians              0.00%    passed     97.25%
  47  M91181.1_Echinorhinus_cookei                0.00%    passed     71.09%
  48  AB013012.1_Doliolum_nationalis              0.00%    passed     38.20%
  49  HQ015389.1_Soestia_zonaria                  0.00%    passed     92.66%
  50  FM244841.1_Pycnoclavella_aff._detorta       0.00%    passed     94.08%
  51  M97574.1_Myxine_glutinosa                   0.00%    failed      0.05%
  52  HQ015406.1_Salpa_thompsoni                  0.00%    passed     97.85%
  53  HQ015395.1_Cyclosalpa_sewelli               0.00%    passed     99.08%
  54  HQ015379.1_Pyrostremma_spinosum             0.00%    passed     99.40%
  55  AB013014.1_Oikopleura_dioica                0.00%    passed     17.02%
  56  HQ015396.1_Cyclosalpa_polae                 0.00%    passed     99.08%
  57  HQ015412.1_Thalia_orientalis                0.00%    passed     96.88%
  58  HQ015411.1_Ritteriella_retracta             0.00%    passed     98.52%
  59  AF165821.2_Chelyosoma_siboja                0.00%    passed     96.18%
  60  HQ015393.1_Cyclosalpa_floridana             0.00%    passed     99.40%
  61  HQ015388.1_Pegea_bicaudata                  0.12%    passed     87.16%
  62  FM244840.1_Clavelina_meridionalis           0.00%    passed     97.30%
  63  L12378.2_Ascidia_ceratodes                  0.00%    passed     91.42%
  64  HQ015398.1_Cyclosalpa_sewelli               0.00%    passed     99.08%
****  TOTAL                                       0.03%  1 sequences failed composition chi2 test (p-value<5%; df=3)
NOTE: HQ015403.1_Brooksia_rostrata is identical to HQ015404.1_Brooksia_rostrata but kept for subsequent analysis
NOTE: HQ015414.1_Thalia_democratica is identical to D14366.1_Thalia_democratica but kept for subsequent analysis
NOTE: HQ015376.1_Doliolum_denticulatum is identical to FM244861.1_Doliolum_denticulatum but kept for subsequent analysis
NOTE: FM244863.1_Pyrosomella_verticillata is identical to HQ015382.1_Pyrosomella_verticillata but kept for subsequent analysis
NOTE: HQ015394.1_Cyclosalpa_polae is identical to HQ015397.1_Cyclosalpa_quadriluminis but kept for subsequent analysis
NOTE: HQ015401.1_Iasis_cylindrica is identical to HQ015400.1_Iasis_cylindrica but kept for subsequent analysis
NOTE: HQ015383.1_Pyrosomella_verticillata is identical to HQ015384.1_Pyrosoma_godeauxi but kept for subsequent analysis
NOTE: HQ015411.1_Ritteriella_retracta is identical to HQ015410.1_Ritteriella_retracta but kept for subsequent analysis
NOTE: HQ015406.1_Salpa_thompsoni is identical to FM244867.1_Salpa_thompsoni but kept for subsequent analysis
NOTE: HQ015408.1_Salpa_maxima is identical to HQ015409.1_Salpa_fusiformis but kept for subsequent analysis
NOTE: 11 identical sequences (see below) will be ignored for subsequent analysis
NOTE: HQ015415.1_Thalia_democratica (identical to D14366.1_Thalia_democratica) is ignored but added at the end
NOTE: AB013012.1_Doliolum_nationalis (identical to FM244861.1_Doliolum_denticulatum) is ignored but added at the end
NOTE: HQ015381.1_Pyrosoma_atlanticum (identical to HQ015382.1_Pyrosomella_verticillata) is ignored but added at the end
NOTE: HQ015380.1_Pyrosomella_verticillata (identical to HQ015382.1_Pyrosomella_verticillata) is ignored but added at the end
NOTE: HQ015395.1_Cyclosalpa_sewelli (identical to HQ015397.1_Cyclosalpa_quadriluminis) is ignored but added at the end
NOTE: HQ015396.1_Cyclosalpa_polae (identical to HQ015397.1_Cyclosalpa_quadriluminis) is ignored but added at the end
NOTE: HQ015398.1_Cyclosalpa_sewelli (identical to HQ015397.1_Cyclosalpa_quadriluminis) is ignored but added at the end
NOTE: HQ015402.1_Iasis_cylindrica (identical to HQ015400.1_Iasis_cylindrica) is ignored but added at the end
NOTE: FM244862.1_Pyrosoma_godeauxi (identical to HQ015384.1_Pyrosoma_godeauxi) is ignored but added at the end
NOTE: HQ015385.1_Pyrosoma_atlanticum (identical to HQ015384.1_Pyrosoma_godeauxi) is ignored but added at the end
NOTE: HQ015407.1_Salpa_maxima (identical to HQ015409.1_Salpa_fusiformis) is ignored but added at the end

For your convenience alignment with unique sequences printed to ./Seqs_and_Alignments/GovUNIONCho-AB921975Mman_MUSCLE.afa-gb.uniqueseq.phy

Create initial parsimony tree by phylogenetic likelihood library (PLL)... 0.003 seconds
Generating 1000 samples for ultrafast bootstrap (seed: 741318)...

NOTE: 2 MB RAM (0 GB) is required!
Measuring multi-threading efficiency up to 8 CPU cores
Increase to 10 rounds for branch lengths
308 trees examined
Threads: 1 / Time: 8.026 sec / Speedup: 1.000 / Efficiency: 100% / LogL: -7793
Threads: 2 / Time: 5.470 sec / Speedup: 1.467 / Efficiency: 73% / LogL: -7793
Threads: 3 / Time: 5.039 sec / Speedup: 1.593 / Efficiency: 53% / LogL: -7793
Threads: 4 / Time: 6.074 sec / Speedup: 1.321 / Efficiency: 33% / LogL: -7793
BEST NUMBER OF THREADS: 3

Estimate model parameters (epsilon = 0.100)
Thoroughly optimizing +I+G parameters from 10 start values...
Init pinv, alpha: 0.000, 1.000 / Estimate: 0.000, 0.277 / LogL: -5060.029
Init pinv, alpha: 0.070, 1.000 / Estimate: 0.355, 0.472 / LogL: -5038.016
Init pinv, alpha: 0.140, 1.000 / Estimate: 0.356, 0.473 / LogL: -5038.010
Init pinv, alpha: 0.210, 1.000 / Estimate: 0.353, 0.470 / LogL: -5038.056
Init pinv, alpha: 0.279, 1.000 / Estimate: 0.355, 0.472 / LogL: -5038.031
Init pinv, alpha: 0.349, 1.000 / Estimate: 0.362, 0.482 / LogL: -5037.925
Init pinv, alpha: 0.419, 1.000 / Estimate: 0.405, 0.548 / LogL: -5037.751
Init pinv, alpha: 0.489, 1.000 / Estimate: 0.418, 0.565 / LogL: -5037.878
Init pinv, alpha: 0.559, 1.000 / Estimate: 0.420, 0.568 / LogL: -5037.915
Init pinv, alpha: 0.629, 1.000 / Estimate: 0.420, 0.567 / LogL: -5037.922
Optimal pinv,alpha: 0.405, 0.548 / LogL: -5037.751

Parameters optimization took 1.121 sec
Computing ML distances based on estimated model parameters... 0.035 sec
Computing BIONJ tree...
0.005 seconds
Log-likelihood of BIONJ tree: -5049.783
--------------------------------------------------------------------
|             INITIALIZING CANDIDATE TREE SET                      |
--------------------------------------------------------------------
Generating 98 parsimony trees... 0.412 second
Computing log-likelihood of 98 initial trees ... 0.507 seconds
Current best score: -5037.751

Do NNI search on 20 best initial trees
Estimate model parameters (epsilon = 0.100)
BETTER TREE FOUND at iteration 1: -5032.466
UPDATE BEST LOG-LIKELIHOOD: -5032.466
Iteration 10 / LogL: -5032.743 / Time: 0h:0m:27s
Iteration 20 / LogL: -5032.742 / Time: 0h:0m:27s
Finish initializing candidate tree set (3)
Current best tree score: -5032.466 / CPU time: 2.115
Number of iterations: 20
--------------------------------------------------------------------
|               OPTIMIZING CANDIDATE TREE SET                      |
--------------------------------------------------------------------
Iteration 30 / LogL: -5057.320 / Time: 0h:0m:28s (0h:1m:10s left)
BETTER TREE FOUND at iteration 39: -5032.465
Iteration 40 / LogL: -5032.474 / Time: 0h:0m:29s (0h:1m:14s left)
Iteration 50 / LogL: -5032.468 / Time: 0h:0m:30s (0h:0m:54s left)
Log-likelihood cutoff on original alignment: -5059.012
Iteration 60 / LogL: -5046.426 / Time: 0h:0m:31s (0h:0m:41s left)
UPDATE BEST LOG-LIKELIHOOD: -5032.465
Iteration 70 / LogL: -5050.200 / Time: 0h:0m:32s (0h:0m:32s left)
Iteration 80 / LogL: -5032.466 / Time: 0h:0m:32s (0h:0m:24s left)
Iteration 90 / LogL: -5032.466 / Time: 0h:0m:33s (0h:0m:18s left)
UPDATE BEST LOG-LIKELIHOOD: -5032.465
UPDATE BEST LOG-LIKELIHOOD: -5032.464
Iteration 100 / LogL: -5032.466 / Time: 0h:0m:34s (0h:0m:13s left)
Log-likelihood cutoff on original alignment: -5059.946
NOTE: Bootstrap correlation coefficient of split occurrence frequencies: 0.996
Iteration 110 / LogL: -5032.469 / Time: 0h:0m:35s (0h:0m:29s left)
Iteration 120 / LogL: -5032.468 / Time: 0h:0m:36s (0h:0m:24s left)
Iteration 130 / LogL: -5038.023 / Time: 0h:0m:37s (0h:0m:20s left)
Iteration 140 / LogL: -5032.468 / Time: 0h:0m:38s (0h:0m:16s left)
TREE SEARCH COMPLETED AFTER 140 ITERATIONS / Time: 0h:0m:38s

--------------------------------------------------------------------
|                    FINALIZING TREE SEARCH                        |
--------------------------------------------------------------------
Performs final model parameters optimization
Estimate model parameters (epsilon = 0.010)
1. Initial log-likelihood: -5032.464
Optimal log-likelihood: -5032.457
Rate parameters:  A-C: 1.32432  A-G: 2.45040  A-T: 1.02005  C-G: 1.00322  C-T: 5.16248  G-T: 1.00000
Base frequencies:  A: 0.249  C: 0.207  G: 0.292  T: 0.252
Proportion of invariable sites: 0.400
Gamma shape alpha: 0.532
Parameters optimization took 1 rounds (0.008 sec)
BEST SCORE FOUND : -5032.457
Creating bootstrap support values...
Split supports printed to NEXUS file ./Seqs_and_Alignments/GovUNIONCho-AB921975Mman_MUSCLE.afa-gb.splits.nex
Total tree length: 1.608

Total number of iterations: 140
CPU time used for tree search: 35.614 sec (0h:0m:35s)
Wall-clock time used for tree search: 12.241 sec (0h:0m:12s)
Total CPU time used: 98.032 sec (0h:1m:38s)
Total wall-clock time used: 38.290 sec (0h:0m:38s)

Computing bootstrap consensus tree...
Reading input file ./Seqs_and_Alignments/GovUNIONCho-AB921975Mman_MUSCLE.afa-gb.splits.nex...
53 taxa and 352 splits.
Consensus tree written to ./Seqs_and_Alignments/GovUNIONCho-AB921975Mman_MUSCLE.afa-gb.contree
Reading input trees file ./Seqs_and_Alignments/GovUNIONCho-AB921975Mman_MUSCLE.afa-gb.contree
Log-likelihood of consensus tree: -5032.457

Analysis results written to: 
  IQ-TREE report:                ./Seqs_and_Alignments/GovUNIONCho-AB921975Mman_MUSCLE.afa-gb.iqtree
  Maximum-likelihood tree:       ./Seqs_and_Alignments/GovUNIONCho-AB921975Mman_MUSCLE.afa-gb.treefile
  Likelihood distances:          ./Seqs_and_Alignments/GovUNIONCho-AB921975Mman_MUSCLE.afa-gb.mldist

Ultrafast bootstrap approximation results written to:
  Split support values:          ./Seqs_and_Alignments/GovUNIONCho-AB921975Mman_MUSCLE.afa-gb.splits.nex
  Consensus tree:                ./Seqs_and_Alignments/GovUNIONCho-AB921975Mman_MUSCLE.afa-gb.contree
  Screen log file:               ./Seqs_and_Alignments/GovUNIONCho-AB921975Mman_MUSCLE.afa-gb.log

Date and Time: Wed Feb  2 12:47:29 2022
