state	min	max	median	shifts	jumps	jumpvar	SE	root	lnL	lnLp	qlnL.p	qlnL.h
100	452.604	452.604	452.604	0	3	4760.896	0.566	37.103	-102.90	-358.10	0.00	0.00
200	331.510	331.510	331.510	0	3	3363.238	0.969	40.463	-99.14	-347.18	-0.00	0.00
300	363.750	363.750	363.750	0	3	1529.555	0.786	52.627	-96.46	-341.27	-0.00	0.00
400	379.849	379.849	379.849	0	3	1853.280	0.500	52.620	-95.39	-343.27	-4.27	0.00
500	292.503	292.503	292.503	0	3	1193.001	0.192	36.346	-102.04	-336.79	-0.00	0.00
600	459.389	459.389	459.389	0	3	1390.293	1.256	34.786	-95.45	-344.92	-4.09	0.00
700	312.711	312.711	312.711	0	3	1945.477	0.124	40.360	-96.85	-340.68	0.00	0.00
800	335.512	335.512	335.512	0	3	1360.412	0.614	34.293	-96.77	-339.35	0.00	0.00
900	458.405	458.405	458.405	0	3	1248.117	0.229	48.730	-92.83	-344.31	0.00	0.00
1000	190.452	190.452	190.452	0	3	1619.137	0.152	38.404	-101.49	-334.00	0.00	0.00
1100	339.304	339.304	339.304	0	3	1427.117	0.652	38.701	-94.86	-339.78	0.00	0.00
1200	261.678	261.678	261.678	0	3	1778.093	0.572	33.815	-96.94	-337.77	-0.00	0.00
1300	240.842	240.842	240.842	0	3	1145.399	0.775	43.350	-96.28	-334.32	0.41	-0.09
1400	280.916	280.916	280.916	0	3	1210.015	0.412	43.221	-94.29	-336.34	-3.34	0.00
1500	275.453	275.453	275.453	0	3	1652.862	0.242	43.548	-92.63	-337.87	0.00	0.00
1600	221.609	221.609	221.609	0	3	1802.256	0.880	43.143	-94.35	-336.10	0.00	0.00
1700	239.070	239.070	239.070	0	3	2415.269	0.698	43.120	-92.18	-339.32	1.30	0.00
1800	248.877	248.877	248.877	0	3	2556.142	0.768	43.552	-91.50	-340.32	-0.00	0.00
1900	207.346	207.346	207.346	0	3	1457.611	0.914	29.879	-93.22	-334.10	0.00	0.00
2000	295.886	295.886	295.886	0	3	968.717	0.529	19.851	-96.04	-336.04	0.00	0.00
2100	176.061	176.061	176.061	0	3	1205.157	0.289	20.157	-98.55	-331.71	0.00	0.00
2200	261.793	261.793	261.793	0	3	2070.059	0.176	28.479	-90.30	-338.94	1.21	0.00
2300	245.612	245.612	245.612	0	3	2289.531	0.561	28.427	-90.07	-339.11	3.61	0.00
2400	237.588	237.588	237.588	0	3	1767.410	0.296	28.480	-91.99	-336.67	-0.00	0.00
2500	225.441	225.441	225.441	0	3	1452.485	0.160	28.480	-93.05	-334.87	0.00	0.00
2600	196.443	196.443	196.443	0	3	1132.363	0.084	27.965	-96.85	-332.32	0.00	0.00
2700	215.211	215.211	215.211	0	3	1551.756	0.020	27.499	-93.13	-334.82	0.00	0.00
2800	314.364	314.364	314.364	0	3	1417.171	0.262	27.499	-91.14	-338.64	0.00	0.00
2900	248.291	248.291	248.291	0	3	2044.210	1.006	36.113	-89.30	-338.24	0.00	0.00
3000	222.323	222.323	222.323	0	3	2537.701	1.143	36.159	-88.66	-339.08	0.00	0.00
3100	132.193	132.193	132.193	0	3	2965.338	1.439	36.159	-91.86	-336.82	0.00	0.00
3200	166.158	166.158	166.158	0	3	3626.292	1.326	36.237	-88.96	-340.96	0.00	0.00
3300	162.207	162.207	162.207	0	3	3138.372	1.627	36.745	-89.41	-338.83	0.00	0.00
3400	185.511	185.511	185.511	0	3	1876.944	1.354	36.789	-91.52	-334.81	-0.96	0.00
3500	245.164	245.164	245.164	0	3	1688.935	1.141	31.889	-90.64	-336.69	0.00	0.00
3600	135.606	135.606	135.606	0	3	2148.146	1.644	36.161	-93.03	-333.70	-0.33	0.00
3700	123.859	123.859	123.859	0	3	2042.823	2.264	32.577	-93.45	-332.76	-0.00	0.00
3800	150.348	150.348	150.348	0	3	2109.887	1.445	30.123	-92.75	-334.20	0.00	0.00
3900	151.164	151.164	151.164	0	3	2158.183	1.854	38.238	-91.86	-334.43	-2.59	0.00
4000	175.551	175.551	175.551	0	3	2503.342	1.711	37.770	-89.92	-336.88	-0.00	0.00
4100	190.934	190.934	190.934	0	3	1846.338	2.091	37.797	-91.06	-334.93	0.00	0.00
4200	114.417	114.417	114.417	0	3	1258.713	3.263	37.681	-97.97	-329.21	0.78	0.00
4300	140.646	140.646	140.646	0	3	1878.433	4.173	37.757	-93.08	-332.85	2.15	0.00
4400	133.052	133.052	133.052	0	3	1567.756	4.358	36.219	-94.79	-331.27	0.00	0.00
4500	129.667	129.667	129.667	0	3	1840.783	3.269	36.150	-93.35	-332.21	-0.66	0.00
4600	173.426	173.426	173.426	0	3	2329.990	4.450	29.911	-91.13	-336.09	-0.44	0.05
4700	98.144	98.144	98.144	0	3	2360.793	2.718	29.855	-94.77	-332.90	0.00	0.00
4800	153.825	153.825	153.825	0	3	1688.043	2.213	39.276	-93.30	-332.66	0.00	0.00
4900	203.379	203.379	203.379	0	3	2694.169	4.118	39.072	-89.53	-338.87	1.67	-0.14
5000	199.388	199.388	199.388	0	3	1369.847	3.198	38.333	-93.27	-333.40	0.00	0.00
5100	112.957	112.957	112.957	0	3	1604.613	3.203	38.221	-95.80	-330.53	0.00	0.00
5200	136.032	136.032	136.032	0	3	1828.521	2.240	31.448	-93.56	-332.44	0.00	0.00
5300	206.884	206.884	206.884	0	3	1978.376	2.049	32.336	-90.19	-336.16	-2.87	0.00
5400	160.100	160.100	160.100	0	3	2425.201	9.375	39.731	-95.27	-335.89	0.00	0.00
5500	112.365	112.365	112.365	0	3	2261.825	5.726	40.196	-94.32	-333.13	0.00	0.00
5600	151.170	151.170	151.170	0	3	2366.600	5.050	39.977	-92.11	-335.26	0.00	0.00
5700	124.942	124.942	124.942	0	3	1090.420	5.562	39.799	-99.55	-329.00	-0.40	0.00
5800	113.108	113.108	113.108	0	3	2371.066	6.081	39.886	-94.14	-333.60	0.00	0.00
5900	100.560	100.560	100.560	0	3	1818.881	4.926	40.223	-96.19	-330.84	0.00	0.00
6000	89.949	89.949	89.949	0	3	2391.528	4.722	38.650	-94.81	-332.67	-0.50	0.00
6100	132.679	132.679	132.679	0	3	1433.916	4.272	38.869	-95.77	-330.72	0.12	-0.02
6200	127.467	127.467	127.467	0	3	1638.158	2.140	38.869	-95.27	-331.30	0.00	0.00
6300	118.883	118.883	118.883	0	3	2010.954	2.534	39.155	-94.01	-332.42	0.00	0.00
6400	158.384	158.384	158.384	0	3	1766.782	1.896	39.054	-92.92	-333.18	0.00	0.00
6500	235.282	235.282	235.282	0	3	2077.809	1.265	38.078	-89.48	-337.81	0.00	0.00
6600	150.155	150.155	150.155	0	3	2553.172	0.443	37.193	-93.09	-335.96	0.00	0.00
6700	224.944	224.944	224.944	0	3	1548.004	0.446	35.033	-91.98	-335.23	0.00	-0.49
6800	386.665	386.665	386.665	0	3	845.581	0.613	35.566	-93.20	-339.54	-4.29	0.00
6900	209.304	209.304	209.304	0	3	1235.330	0.623	35.922	-94.40	-333.29	0.00	0.00
7000	176.791	176.791	176.791	0	3	1343.972	0.268	45.436	-97.17	-332.30	3.88	0.00
7100	180.770	180.770	180.770	0	3	1927.009	0.008	44.189	-93.78	-334.80	0.00	0.00
7200	158.281	158.281	158.281	0	3	2374.964	0.197	44.119	-94.26	-335.61	0.00	0.00
7300	164.491	164.491	164.491	0	3	3264.910	0.486	23.481	-92.40	-339.44	0.00	0.00
7400	218.658	218.658	218.658	0	3	1518.513	0.639	24.777	-97.66	-334.84	0.00	0.00
7500	142.099	142.099	142.099	0	3	2073.524	0.786	25.212	-95.93	-333.69	0.32	0.00
7600	196.401	196.401	196.401	0	3	2810.854	1.457	25.438	-89.76	-339.03	0.00	0.00
7700	164.949	164.949	164.949	0	3	1688.961	2.184	41.203	-93.07	-333.16	3.03	0.00
7800	147.683	147.683	147.683	0	3	1480.439	4.284	41.940	-95.33	-331.56	0.00	0.00
7900	95.026	95.026	95.026	0	3	1975.733	4.896	42.039	-96.53	-331.23	-0.39	0.00
8000	160.631	160.631	160.631	0	3	3341.926	2.792	42.677	-89.55	-339.58	1.62	-0.11
8100	133.307	133.307	133.307	0	3	1379.825	2.981	43.022	-96.74	-330.53	3.00	0.00
8200	174.770	174.770	174.770	0	3	1659.457	2.866	43.146	-93.08	-333.47	0.00	0.00
8300	184.309	184.309	184.309	0	3	1030.326	2.754	42.151	-96.74	-331.37	0.00	0.00
8400	187.387	187.387	187.387	0	3	1597.902	2.606	42.578	-92.78	-333.78	-0.54	0.00
8500	203.916	203.916	203.916	0	3	1520.989	2.443	42.772	-92.68	-334.20	0.27	0.00
8600	206.115	206.115	206.115	0	3	1487.166	3.127	42.268	-92.87	-334.16	0.00	0.00
8700	144.491	144.491	144.491	0	3	2878.199	4.885	41.772	-91.55	-337.01	-1.75	0.00
8800	93.517	93.517	93.517	0	3	2116.571	3.577	34.450	-94.95	-331.72	-0.00	0.00
8900	192.389	192.389	192.389	0	3	3293.766	3.764	30.849	-88.52	-340.78	0.00	0.00
9000	152.182	152.182	152.182	0	3	1882.055	3.764	36.079	-92.32	-333.37	-0.97	0.14
9100	152.130	152.130	152.130	0	3	1657.957	3.177	36.079	-93.08	-332.47	0.00	0.00
9200	192.053	192.053	192.053	0	3	1503.464	3.177	36.142	-92.59	-333.61	0.00	0.00
9300	100.764	100.764	100.764	0	3	1804.232	2.637	36.104	-96.09	-330.79	0.00	0.00
9400	180.552	180.552	180.552	0	3	2078.687	0.954	36.104	-91.46	-335.40	0.00	0.00
9500	158.703	158.703	158.703	0	3	1806.886	0.831	36.455	-93.98	-333.35	0.00	0.00
9600	159.599	159.599	159.599	0	3	985.022	1.170	35.828	-99.20	-330.11	0.00	0.00
9700	226.726	226.726	226.726	0	3	2431.310	0.603	36.158	-89.01	-338.84	-4.59	0.00
9800	157.116	157.116	157.116	0	3	2226.489	0.633	36.308	-92.96	-334.96	3.27	0.00
9900	230.541	230.541	230.541	0	3	1716.011	2.193	37.337	-90.60	-336.15	-0.29	0.00
10000	142.628	142.628	142.628	0	3	1271.317	1.659	26.904	-98.04	-330.50	-0.00	0.00
